This is pdfTeX, Version 3.1415926-2.5-1.40.14 (TeX Live 2013/Debian) (format=pdflatex 2016.5.10)  29 NOV 2016 11:08
entering extended mode
 restricted \write18 enabled.
 %&-line parsing enabled.
**GJInt2016.tex
(./GJInt2016.tex
LaTeX2e <2011/06/27>
Babel <3.9h> and hyphenation patterns for 4 languages loaded.
(./gji.cls
Document Class: gji 1995/11/30 v2.0 LaTeX2e document class
Document Class `GJI' V2.0, released 1998 Nov
\fntxvi=\skip41
\fntxvii=\skip42
\GJ@measure=\dimen102
\c@part=\count79
\c@section=\count80
\c@subsection=\count81
\c@subsubsection=\count82
\c@paragraph=\count83
\c@subparagraph=\count84
\@indentskip=\skip43
\smallindent=\skip44
\@footindent=\skip45
\@leftskip=\skip46
\c@dummy=\count85
\c@table=\count86
\c@figure=\count87
\mathindent=\dimen103
(./gji_extra.sty
\@temptokenb=\toks14
\pt@box=\box26
\pt@width=\dimen104
\pt@line=\count88
\pt@nlines=\count89
\pt@ncol=\count90
\bibhang=\skip47
\bibsep=\skip48
LaTeX Info: Redefining \cite on input line 388.
\c@NAT@ctr=\count91
\oldvsize=\dimen105
)) (./timet.sty
Package: timet 1997/01/23 6.0 Times PSNFSS2e package
)
\c@theorem=\count92

(/usr/share/texlive/texmf-dist/tex/latex/soul/soul.sty
Package: soul 2003/11/17 v2.4 letterspacing/underlining (mf)
\SOUL@word=\toks15
\SOUL@lasttoken=\toks16
\SOUL@cmds=\toks17
\SOUL@buffer=\toks18
\SOUL@token=\toks19
\SOUL@spaceskip=\skip49
\SOUL@ttwidth=\dimen106
\SOUL@uldp=\dimen107
\SOUL@ulht=\dimen108
)
(/usr/share/texmf/tex/latex/xcolor/xcolor.sty
Package: xcolor 2007/01/21 v2.11 LaTeX color extensions (UK)

(/usr/share/texlive/texmf-dist/tex/latex/latexconfig/color.cfg
File: color.cfg 2007/01/18 v1.5 color configuration of teTeX/TeXLive
)
Package xcolor Info: Driver file: pdftex.def on input line 225.

(/usr/share/texlive/texmf-dist/tex/latex/pdftex-def/pdftex.def
File: pdftex.def 2011/05/27 v0.06d Graphics/color for pdfTeX

(/usr/share/texlive/texmf-dist/tex/generic/oberdiek/infwarerr.sty
Package: infwarerr 2010/04/08 v1.3 Providing info/warning/error messages (HO)
)
(/usr/share/texlive/texmf-dist/tex/generic/oberdiek/ltxcmds.sty
Package: ltxcmds 2011/11/09 v1.22 LaTeX kernel commands for general use (HO)
)
\Gread@gobject=\count93
)
Package xcolor Info: Model `cmy' substituted by `cmy0' on input line 1337.
Package xcolor Info: Model `hsb' substituted by `rgb' on input line 1341.
Package xcolor Info: Model `RGB' extended on input line 1353.
Package xcolor Info: Model `HTML' substituted by `rgb' on input line 1355.
Package xcolor Info: Model `Hsb' substituted by `hsb' on input line 1356.
Package xcolor Info: Model `tHsb' substituted by `hsb' on input line 1357.
Package xcolor Info: Model `HSB' substituted by `hsb' on input line 1358.
Package xcolor Info: Model `Gray' substituted by `gray' on input line 1359.
Package xcolor Info: Model `wave' substituted by `hsb' on input line 1360.

(/usr/share/texlive/texmf-dist/tex/latex/graphics/dvipsnam.def
File: dvipsnam.def 1999/02/16 v3.0i Driver-dependant file (DPC,SPQR)
))
(/usr/share/texlive/texmf-dist/tex/latex/lineno/lineno.sty
Package: lineno 2005/11/02 line numbers on paragraphs v4.41
\linenopenalty=\count94
\output=\toks20
\linenoprevgraf=\count95
\linenumbersep=\dimen109
\linenumberwidth=\dimen110
\c@linenumber=\count96
\c@pagewiselinenumber=\count97
\c@LN@truepage=\count98
\c@internallinenumber=\count99
\c@internallinenumbers=\count100
\quotelinenumbersep=\dimen111
\bframerule=\dimen112
\bframesep=\dimen113
\bframebox=\box27
LaTeX Info: Redefining \\ on input line 3056.
)
(/usr/share/texlive/texmf-dist/tex/latex/graphics/graphicx.sty
Package: graphicx 1999/02/16 v1.0f Enhanced LaTeX Graphics (DPC,SPQR)

(/usr/share/texlive/texmf-dist/tex/latex/graphics/keyval.sty
Package: keyval 1999/03/16 v1.13 key=value parser (DPC)
\KV@toks@=\toks21
)
(/usr/share/texlive/texmf-dist/tex/latex/graphics/graphics.sty
Package: graphics 2009/02/05 v1.0o Standard LaTeX Graphics (DPC,SPQR)

(/usr/share/texlive/texmf-dist/tex/latex/graphics/trig.sty
Package: trig 1999/03/16 v1.09 sin cos tan (DPC)
)
(/usr/share/texlive/texmf-dist/tex/latex/latexconfig/graphics.cfg
File: graphics.cfg 2010/04/23 v1.9 graphics configuration of TeX Live
)
Package graphics Info: Driver file: pdftex.def on input line 91.
)
\Gin@req@height=\dimen114
\Gin@req@width=\dimen115
)
(./GJInt2016.aux

LaTeX Warning: Label `epoxy-resin' multiply defined.


LaTeX Warning: Label `epoxy-resin' multiply defined.

)
\openout1 = `GJInt2016.aux'.

LaTeX Font Info:    Checking defaults for OML/cmm/m/it on input line 39.
LaTeX Font Info:    ... okay on input line 39.
LaTeX Font Info:    Checking defaults for T1/cmr/m/n on input line 39.
LaTeX Font Info:    ... okay on input line 39.
LaTeX Font Info:    Checking defaults for OT1/cmr/m/n on input line 39.
LaTeX Font Info:    ... okay on input line 39.
LaTeX Font Info:    Checking defaults for OMS/cmsy/m/n on input line 39.
LaTeX Font Info:    ... okay on input line 39.
LaTeX Font Info:    Checking defaults for OMX/cmex/m/n on input line 39.
LaTeX Font Info:    ... okay on input line 39.
LaTeX Font Info:    Checking defaults for U/cmr/m/n on input line 39.
LaTeX Font Info:    ... okay on input line 39.
LaTeX Font Info:    Try loading font information for OT1+ptm on input line 39.
 (/usr/share/texlive/texmf-dist/tex/latex/psnfss/ot1ptm.fd
File: ot1ptm.fd 2001/06/04 font definitions for OT1/ptm.
)
(/usr/share/texlive/texmf-dist/tex/context/base/supp-pdf.mkii
[Loading MPS to PDF converter (version 2006.09.02).]
\scratchcounter=\count101
\scratchdimen=\dimen116
\scratchbox=\box28
\nofMPsegments=\count102
\nofMParguments=\count103
\everyMPshowfont=\toks22
\MPscratchCnt=\count104
\MPscratchDim=\dimen117
\MPnumerator=\count105
\makeMPintoPDFobject=\count106
\everyMPtoPDFconversion=\toks23
) (/usr/share/texlive/texmf-dist/tex/generic/oberdiek/pdftexcmds.sty
Package: pdftexcmds 2011/11/29 v0.20 Utility functions of pdfTeX for LuaTeX (HO
)

(/usr/share/texlive/texmf-dist/tex/generic/oberdiek/ifluatex.sty
Package: ifluatex 2010/03/01 v1.3 Provides the ifluatex switch (HO)
Package ifluatex Info: LuaTeX not detected.
)
(/usr/share/texlive/texmf-dist/tex/generic/oberdiek/ifpdf.sty
Package: ifpdf 2011/01/30 v2.3 Provides the ifpdf switch (HO)
Package ifpdf Info: pdfTeX in PDF mode is detected.
)
Package pdftexcmds Info: LuaTeX not detected.
Package pdftexcmds Info: \pdf@primitive is available.
Package pdftexcmds Info: \pdf@ifprimitive is available.
Package pdftexcmds Info: \pdfdraftmode found.
)
(/usr/share/texlive/texmf-dist/tex/latex/oberdiek/epstopdf-base.sty
Package: epstopdf-base 2010/02/09 v2.5 Base part for package epstopdf

(/usr/share/texlive/texmf-dist/tex/latex/oberdiek/grfext.sty
Package: grfext 2010/08/19 v1.1 Manage graphics extensions (HO)

(/usr/share/texlive/texmf-dist/tex/generic/oberdiek/kvdefinekeys.sty
Package: kvdefinekeys 2011/04/07 v1.3 Define keys (HO)
))
(/usr/share/texlive/texmf-dist/tex/latex/oberdiek/kvoptions.sty
Package: kvoptions 2011/06/30 v3.11 Key value format for package options (HO)

(/usr/share/texlive/texmf-dist/tex/generic/oberdiek/kvsetkeys.sty
Package: kvsetkeys 2012/04/25 v1.16 Key value parser (HO)

(/usr/share/texlive/texmf-dist/tex/generic/oberdiek/etexcmds.sty
Package: etexcmds 2011/02/16 v1.5 Avoid name clashes with e-TeX commands (HO)
Package etexcmds Info: Could not find \expanded.
(etexcmds)             That can mean that you are not using pdfTeX 1.50 or
(etexcmds)             that some package has redefined \expanded.
(etexcmds)             In the latter case, load this package earlier.
)))
Package grfext Info: Graphics extension search list:
(grfext)             [.png,.pdf,.jpg,.mps,.jpeg,.jbig2,.jb2,.PNG,.PDF,.JPG,.JPE
G,.JBIG2,.JB2,.eps]
(grfext)             \AppendGraphicsExtensions on input line 452.

(/usr/share/texlive/texmf-dist/tex/latex/latexconfig/epstopdf-sys.cfg
File: epstopdf-sys.cfg 2010/07/13 v1.3 Configuration of (r)epstopdf for TeX Liv
e
))
LaTeX Font Info:    Font shape `OT1/ptm/bx/n' in size <17.28> not available
(Font)              Font shape `OT1/ptm/b/n' tried instead on input line 45.
LaTeX Font Info:    Try loading font information for OT1+phv on input line 45.

(/usr/share/texlive/texmf-dist/tex/latex/psnfss/ot1phv.fd
File: ot1phv.fd 2001/06/04 scalable font definitions for OT1/phv.
)
LaTeX Font Info:    External font `cmex10' loaded for size
(Font)              <14.4> on input line 45.
LaTeX Font Info:    External font `cmex10' loaded for size
(Font)              <7> on input line 45.

Overfull \hbox (18.44383pt too wide) in paragraph at lines 45--45
[][]  
 []

LaTeX Font Info:    External font `cmex10' loaded for size
(Font)              <5> on input line 45.

Overfull \hbox (1.47925pt too wide) in paragraph at lines 45--45
[][]  
 []

LaTeX Font Info:    Font shape `OT1/ptm/bx/n' in size <10.95> not available
(Font)              Font shape `OT1/ptm/b/n' tried instead on input line 47.
[1{/var/lib/texmf/fonts/map/pdftex/updmap/pdftex.map}

]
LaTeX Font Info:    Font shape `OT1/ptm/bx/n' in size <12> not available
(Font)              Font shape `OT1/ptm/b/n' tried instead on input line 51.
 [2]
Underfull \vbox (badness 10000) has occurred while \output is active []

 [3]
Underfull \vbox (badness 10000) has occurred while \output is active []

 [4]
Overfull \hbox (17.65309pt too wide) in paragraph at lines 76--77
\OT1/ptm/m/n/10.95 over, they pro-vide quan-ti-ta-tive in-for-ma-tion on data q
ual-ity for geo-physi-cists who need to use measurement-
 []

LaTeX Font Info:    External font `cmex10' loaded for size
(Font)              <10.95> on input line 84.
LaTeX Font Info:    External font `cmex10' loaded for size
(Font)              <8> on input line 84.
LaTeX Font Info:    External font `cmex10' loaded for size
(Font)              <6> on input line 84.
[5]
Missing character: There is no â in font ptmr7t!
Missing character: There is no € in font ptmr7t!
Missing character: There is no ™ in font ptmr7t!

Underfull \vbox (badness 10000) has occurred while \output is active []

 [6]
Underfull \vbox (badness 10000) has occurred while \output is active []

 [7]
Underfull \vbox (badness 10000) has occurred while \output is active []

 [8]
Underfull \vbox (badness 1748) has occurred while \output is active []

 [9]
[10] [11]
Underfull \vbox (badness 10000) has occurred while \output is active []

 [12]
[13]
Underfull \vbox (badness 10000) has occurred while \output is active []

 [14]
[15] [16] [17] (./GJInt2016.bbl
LaTeX Font Info:    Font shape `OT1/ptm/bx/n' in size <10> not available
(Font)              Font shape `OT1/ptm/b/n' tried instead on input line 11.

Underfull \vbox (badness 10000) has occurred while \output is active []

 [18

]
Underfull \vbox (badness 10000) has occurred while \output is active []

 [19]
Underfull \vbox (badness 10000) has occurred while \output is active []

 [20]
Missing character: There is no â in font ptmr7t!
Missing character: There is no € in font ptmr7t!
Missing character: There is no “ in font ptmr7t!
)
[21] [22

] [23] [24] [25] [26]
Package epstopdf Info: Source file: <Fig/Fig01.eps>
(epstopdf)                    date: 2016-09-30 09:28:19
(epstopdf)                    size: 2700190 bytes
(epstopdf)             Output file: <Fig/Fig01-eps-converted-to.pdf>
(epstopdf)                    date: 2016-11-28 12:58:05
(epstopdf)                    size: 454139 bytes
(epstopdf)             Command: <repstopdf --outfile=Fig/Fig01-eps-converted-to
.pdf Fig/Fig01.eps>
(epstopdf)             \includegraphics on input line 352.
Package epstopdf Info: Output file is already uptodate.

<Fig/Fig01-eps-converted-to.pdf, id=103, 578.16pt x 477.785pt>
File: Fig/Fig01-eps-converted-to.pdf Graphic file (type pdf)

<use Fig/Fig01-eps-converted-to.pdf>
Package pdftex.def Info: Fig/Fig01-eps-converted-to.pdf used on input line 352.

(pdftex.def)             Requested size: 221.93149pt x 183.39735pt.
 [27 <./Fig/Fig01-eps-converted-to.pdf>]
Package epstopdf Info: Source file: <Fig/Fig02.eps>
(epstopdf)                    date: 2016-11-23 14:15:47
(epstopdf)                    size: 3557079 bytes
(epstopdf)             Output file: <Fig/Fig02-eps-converted-to.pdf>
(epstopdf)                    date: 2016-11-28 12:58:06
(epstopdf)                    size: 717592 bytes
(epstopdf)             Command: <repstopdf --outfile=Fig/Fig02-eps-converted-to
.pdf Fig/Fig02.eps>
(epstopdf)             \includegraphics on input line 363.
Package epstopdf Info: Output file is already uptodate.

<Fig/Fig02-eps-converted-to.pdf, id=110, 1240.635pt x 347.2975pt>
File: Fig/Fig02-eps-converted-to.pdf Graphic file (type pdf)

<use Fig/Fig02-eps-converted-to.pdf>
Package pdftex.def Info: Fig/Fig02-eps-converted-to.pdf used on input line 363.

(pdftex.def)             Requested size: 443.86299pt x 124.2533pt.
 [28 <./Fig/Fig02-eps-converted-to.pdf>]
Package epstopdf Info: Source file: <Fig/Fig03.eps>
(epstopdf)                    date: 2016-11-23 15:59:15
(epstopdf)                    size: 27328 bytes
(epstopdf)             Output file: <Fig/Fig03-eps-converted-to.pdf>
(epstopdf)                    date: 2016-11-28 12:58:06
(epstopdf)                    size: 10843 bytes
(epstopdf)             Command: <repstopdf --outfile=Fig/Fig03-eps-converted-to
.pdf Fig/Fig03.eps>
(epstopdf)             \includegraphics on input line 375.
Package epstopdf Info: Output file is already uptodate.

<Fig/Fig03-eps-converted-to.pdf, id=122, 457.71pt x 523.9575pt>
File: Fig/Fig03-eps-converted-to.pdf Graphic file (type pdf)

<use Fig/Fig03-eps-converted-to.pdf>
Package pdftex.def Info: Fig/Fig03-eps-converted-to.pdf used on input line 375.

(pdftex.def)             Requested size: 221.93149pt x 254.05511pt.
 [29 <./Fig/Fig03-eps-converted-to.pdf>]
Package epstopdf Info: Source file: <Fig/Fig05.eps>
(epstopdf)                    date: 2016-09-30 09:28:19
(epstopdf)                    size: 37160 bytes
(epstopdf)             Output file: <Fig/Fig05-eps-converted-to.pdf>
(epstopdf)                    date: 2016-11-28 12:58:07
(epstopdf)                    size: 12667 bytes
(epstopdf)             Command: <repstopdf --outfile=Fig/Fig05-eps-converted-to
.pdf Fig/Fig05.eps>
(epstopdf)             \includegraphics on input line 396.
Package epstopdf Info: Output file is already uptodate.

<Fig/Fig05-eps-converted-to.pdf, id=135, 493.845pt x 459.7175pt>
File: Fig/Fig05-eps-converted-to.pdf Graphic file (type pdf)

<use Fig/Fig05-eps-converted-to.pdf>
Package pdftex.def Info: Fig/Fig05-eps-converted-to.pdf used on input line 396.

(pdftex.def)             Requested size: 221.93149pt x 206.59036pt.
 [30 <./Fig/Fig05-eps-converted-to.pdf>]
Package epstopdf Info: Source file: <Fig/Fig06.eps>
(epstopdf)                    date: 2016-11-29 10:46:07
(epstopdf)                    size: 4798087 bytes
(epstopdf)             Output file: <Fig/Fig06-eps-converted-to.pdf>
(epstopdf)                    date: 2016-11-29 10:46:15
(epstopdf)                    size: 896968 bytes
(epstopdf)             Command: <repstopdf --outfile=Fig/Fig06-eps-converted-to
.pdf Fig/Fig06.eps>
(epstopdf)             \includegraphics on input line 406.
Package epstopdf Info: Output file is already uptodate.

<Fig/Fig06-eps-converted-to.pdf, id=149, 702.625pt x 898.35625pt>
File: Fig/Fig06-eps-converted-to.pdf Graphic file (type pdf)

<use Fig/Fig06-eps-converted-to.pdf>
Package pdftex.def Info: Fig/Fig06-eps-converted-to.pdf used on input line 406.

(pdftex.def)             Requested size: 443.86299pt x 567.53012pt.
 [31 <./Fig/Fig06-eps-converted-to.pdf>]
Package epstopdf Info: Source file: <Fig/Fig07.eps>
(epstopdf)                    date: 2016-09-30 09:28:19
(epstopdf)                    size: 522706 bytes
(epstopdf)             Output file: <Fig/Fig07-eps-converted-to.pdf>
(epstopdf)                    date: 2016-11-28 12:58:10
(epstopdf)                    size: 155595 bytes
(epstopdf)             Command: <repstopdf --outfile=Fig/Fig07-eps-converted-to
.pdf Fig/Fig07.eps>
(epstopdf)             \includegraphics on input line 416.
Package epstopdf Info: Output file is already uptodate.

<Fig/Fig07-eps-converted-to.pdf, id=169, 907.39pt x 848.16875pt>
File: Fig/Fig07-eps-converted-to.pdf Graphic file (type pdf)

<use Fig/Fig07-eps-converted-to.pdf>
Package pdftex.def Info: Fig/Fig07-eps-converted-to.pdf used on input line 416.

(pdftex.def)             Requested size: 443.86299pt x 414.89452pt.
 [32 <./Fig/Fig07-eps-converted-to.pdf>]
Package epstopdf Info: Source file: <Fig/Fig08.eps>
(epstopdf)                    date: 2016-09-30 09:28:19
(epstopdf)                    size: 42759 bytes
(epstopdf)             Output file: <Fig/Fig08-eps-converted-to.pdf>
(epstopdf)                    date: 2016-11-28 12:58:10
(epstopdf)                    size: 12316 bytes
(epstopdf)             Command: <repstopdf --outfile=Fig/Fig08-eps-converted-to
.pdf Fig/Fig08.eps>
(epstopdf)             \includegraphics on input line 427.
Package epstopdf Info: Output file is already uptodate.

<Fig/Fig08-eps-converted-to.pdf, id=182, 433.62pt x 471.7625pt>
File: Fig/Fig08-eps-converted-to.pdf Graphic file (type pdf)

<use Fig/Fig08-eps-converted-to.pdf>
Package pdftex.def Info: Fig/Fig08-eps-converted-to.pdf used on input line 427.

(pdftex.def)             Requested size: 221.93149pt x 241.4523pt.
 [33 <./Fig/Fig08-eps-converted-to.pdf>]
Package epstopdf Info: Source file: <Fig/Fig09.eps>
(epstopdf)                    date: 2016-11-29 10:47:41
(epstopdf)                    size: 444104 bytes
(epstopdf)             Output file: <Fig/Fig09-eps-converted-to.pdf>
(epstopdf)                    date: 2016-11-29 10:48:22
(epstopdf)                    size: 127992 bytes
(epstopdf)             Command: <repstopdf --outfile=Fig/Fig09-eps-converted-to
.pdf Fig/Fig09.eps>
(epstopdf)             \includegraphics on input line 437.
Package epstopdf Info: Output file is already uptodate.

<Fig/Fig09-eps-converted-to.pdf, id=197, 369.38pt x 441.65pt>
File: Fig/Fig09-eps-converted-to.pdf Graphic file (type pdf)

<use Fig/Fig09-eps-converted-to.pdf>
Package pdftex.def Info: Fig/Fig09-eps-converted-to.pdf used on input line 437.

(pdftex.def)             Requested size: 221.93149pt x 265.3492pt.
 [34 <./Fig/Fig09-eps-converted-to.pdf>]
Package epstopdf Info: Source file: <Fig/Fig10.eps>
(epstopdf)                    date: 2016-11-29 10:48:19
(epstopdf)                    size: 526281 bytes
(epstopdf)             Output file: <Fig/Fig10-eps-converted-to.pdf>
(epstopdf)                    date: 2016-11-29 10:48:23
(epstopdf)                    size: 148609 bytes
(epstopdf)             Command: <repstopdf --outfile=Fig/Fig10-eps-converted-to
.pdf Fig/Fig10.eps>
(epstopdf)             \includegraphics on input line 447.
Package epstopdf Info: Output file is already uptodate.

<Fig/Fig10-eps-converted-to.pdf, id=210, 369.38pt x 650.43pt>
File: Fig/Fig10-eps-converted-to.pdf Graphic file (type pdf)

<use Fig/Fig10-eps-converted-to.pdf>
Package pdftex.def Info: Fig/Fig10-eps-converted-to.pdf used on input line 447.

(pdftex.def)             Requested size: 221.93149pt x 390.78702pt.
 [35 <./Fig/Fig10-eps-converted-to.pdf>]
Package epstopdf Info: Source file: <Fig/Fig11.eps>
(epstopdf)                    date: 2016-11-23 14:29:16
(epstopdf)                    size: 642646 bytes
(epstopdf)             Output file: <Fig/Fig11-eps-converted-to.pdf>
(epstopdf)                    date: 2016-11-28 12:58:12
(epstopdf)                    size: 182532 bytes
(epstopdf)             Command: <repstopdf --outfile=Fig/Fig11-eps-converted-to
.pdf Fig/Fig11.eps>
(epstopdf)             \includegraphics on input line 458.
Package epstopdf Info: Output file is already uptodate.

<Fig/Fig11-eps-converted-to.pdf, id=223, 452.69125pt x 634.37pt>
File: Fig/Fig11-eps-converted-to.pdf Graphic file (type pdf)

<use Fig/Fig11-eps-converted-to.pdf>
Package pdftex.def Info: Fig/Fig11-eps-converted-to.pdf used on input line 458.

(pdftex.def)             Requested size: 221.93149pt x 310.99889pt.
 [36 <./Fig/Fig11-eps-converted-to.pdf>]
(./GJInt2016.aux)

LaTeX Warning: There were multiply-defined labels.

 ) 
Here is how much of TeX's memory you used:
 3014 strings out of 494999
 40471 string characters out of 6180228
 115886 words of memory out of 5000000
 6178 multiletter control sequences out of 15000+600000
 32630 words of font info for 64 fonts, out of 8000000 for 9000
 14 hyphenation exceptions out of 8191
 37i,11n,35p,2914b,404s stack positions out of 5000i,500n,10000p,200000b,80000s
{/usr/share/texlive/texmf-dist/fonts/enc/dvips/base/8r.enc}</usr/share/texliv
e/texmf-dist/fonts/type1/public/amsfonts/cm/cmbx8.pfb></usr/share/texlive/texmf
-dist/fonts/type1/public/amsfonts/cm/cmex10.pfb></usr/share/texlive/texmf-dist/
fonts/type1/public/amsfonts/cm/cmmi10.pfb></usr/share/texlive/texmf-dist/fonts/
type1/public/amsfonts/cm/cmmi6.pfb></usr/share/texlive/texmf-dist/fonts/type1/p
ublic/amsfonts/cm/cmmi8.pfb></usr/share/texlive/texmf-dist/fonts/type1/public/a
msfonts/cm/cmmib10.pfb></usr/share/texlive/texmf-dist/fonts/type1/public/amsfon
ts/cmextra/cmmib8.pfb></usr/share/texlive/texmf-dist/fonts/type1/public/amsfont
s/cm/cmr10.pfb></usr/share/texlive/texmf-dist/fonts/type1/public/amsfonts/cm/cm
r6.pfb></usr/share/texlive/texmf-dist/fonts/type1/public/amsfonts/cm/cmr7.pfb><
/usr/share/texlive/texmf-dist/fonts/type1/public/amsfonts/cm/cmr8.pfb></usr/sha
re/texlive/texmf-dist/fonts/type1/public/amsfonts/cm/cmsy10.pfb></usr/share/tex
live/texmf-dist/fonts/type1/public/amsfonts/cm/cmsy6.pfb></usr/share/texlive/te
xmf-dist/fonts/type1/public/amsfonts/cm/cmsy8.pfb></usr/share/texlive/texmf-dis
t/fonts/type1/urw/helvetic/uhvr8a.pfb></usr/share/texlive/texmf-dist/fonts/type
1/urw/times/utmb8a.pfb></usr/share/texlive/texmf-dist/fonts/type1/urw/times/utm
r8a.pfb></usr/share/texlive/texmf-dist/fonts/type1/urw/times/utmri8a.pfb>
Output written on GJInt2016.pdf (36 pages, 2949648 bytes).
PDF statistics:
 298 PDF objects out of 1000 (max. 8388607)
 193 compressed objects within 2 object streams
 0 named destinations out of 1000 (max. 500000)
 51 words of extra memory for PDF output out of 10000 (max. 10000000)

