This is pdfTeX, Version 3.14159265-2.6-1.40.15 (TeX Live 2014/Debian) (preloaded format=pdflatex 2015.10.29)  9 DEC 2015 16:25
entering extended mode
 restricted \write18 enabled.
 %&-line parsing enabled.
**NS2015_Dona.tex
(./NS2015_Dona.tex
LaTeX2e <2014/05/01>
Babel <3.9l> and hyphenation patterns for 79 languages loaded.
(./geophysics.cls
Document Class: geophysics 2007/02/14 v3.0 Geophysics paper
(/usr/share/texlive/texmf-dist/tex/latex/base/ifthen.sty
Package: ifthen 2014/09/29 v1.1c Standard LaTeX ifthen package (DPC)
)
(/usr/share/texlive/texmf-dist/tex/latex/base/article.cls
Document Class: article 2014/09/29 v1.4h Standard LaTeX document class
(/usr/share/texlive/texmf-dist/tex/latex/base/size11.clo
File: size11.clo 2014/09/29 v1.4h Standard LaTeX file (size option)
)
\c@part=\count79
\c@section=\count80
\c@subsection=\count81
\c@subsubsection=\count82
\c@paragraph=\count83
\c@subparagraph=\count84
\c@figure=\count85
\c@table=\count86
\abovecaptionskip=\skip41
\belowcaptionskip=\skip42
\bibindent=\dimen102
) (./seg.sty
(/usr/share/texlive/texmf-dist/tex/generic/oberdiek/ifpdf.sty
Package: ifpdf 2011/01/30 v2.3 Provides the ifpdf switch (HO)
Package ifpdf Info: pdfTeX in PDF mode is detected.
)
(/usr/share/texlive/texmf-dist/tex/latex/graphics/graphicx.sty
Package: graphicx 2014/04/25 v1.0g Enhanced LaTeX Graphics (DPC,SPQR)

(/usr/share/texlive/texmf-dist/tex/latex/graphics/keyval.sty
Package: keyval 2014/05/08 v1.15 key=value parser (DPC)
\KV@toks@=\toks14
)
(/usr/share/texlive/texmf-dist/tex/latex/graphics/graphics.sty
Package: graphics 2009/02/05 v1.0o Standard LaTeX Graphics (DPC,SPQR)

(/usr/share/texlive/texmf-dist/tex/latex/graphics/trig.sty
Package: trig 1999/03/16 v1.09 sin cos tan (DPC)
)
(/usr/share/texlive/texmf-dist/tex/latex/latexconfig/graphics.cfg
File: graphics.cfg 2010/04/23 v1.9 graphics configuration of TeX Live
)
Package graphics Info: Driver file: pdftex.def on input line 91.

(/usr/share/texlive/texmf-dist/tex/latex/pdftex-def/pdftex.def
File: pdftex.def 2011/05/27 v0.06d Graphics/color for pdfTeX

(/usr/share/texlive/texmf-dist/tex/generic/oberdiek/infwarerr.sty
Package: infwarerr 2010/04/08 v1.3 Providing info/warning/error messages (HO)
)
(/usr/share/texlive/texmf-dist/tex/generic/oberdiek/ltxcmds.sty
Package: ltxcmds 2011/11/09 v1.22 LaTeX kernel commands for general use (HO)
)
\Gread@gobject=\count87
))
\Gin@req@height=\dimen103
\Gin@req@width=\dimen104
)
(/usr/share/texlive/texmf-dist/tex/latex/tools/verbatim.sty
Package: verbatim 2014/10/28 v1.5q LaTeX2e package for verbatim enhancements
\every@verbatim=\toks15
\verbatim@line=\toks16
\verbatim@in@stream=\read1
)
(/usr/share/texlive/texmf-dist/tex/latex/moreverb/moreverb.sty
Package: moreverb 2008/06/03 v2.3a `more' verbatim facilities
\tab@position=\count88
\tab@size=\count89
\listing@line=\count90
))
\c@@plots=\count91

(/usr/share/texlive/texmf-dist/tex/latex/subfigure/subfigure.sty
Package: subfigure 2002/03/15 v2.1.5 subfigure package
\subfigtopskip=\skip43
\subfigcapskip=\skip44
\subfigcaptopadj=\dimen105
\subfigbottomskip=\skip45
\subfigcapmargin=\dimen106
\subfiglabelskip=\skip46
\c@subfigure=\count92
\c@lofdepth=\count93
\c@subtable=\count94
\c@lotdepth=\count95

****************************************
* Local config file subfigure.cfg used *
****************************************
(/usr/share/texlive/texmf-dist/tex/latex/subfigure/subfigure.cfg)
\subfig@top=\skip47
\subfig@bottom=\skip48
)
\c@sub@fig=\count96
\c@@tabls=\count97

(/usr/share/texlive/texmf-dist/tex/latex/graphics/color.sty
Package: color 2014/04/23 v1.1a Standard LaTeX Color (DPC)

(/usr/share/texlive/texmf-dist/tex/latex/latexconfig/color.cfg
File: color.cfg 2007/01/18 v1.5 color configuration of teTeX/TeXLive
)
Package color Info: Driver file: pdftex.def on input line 137.
)
(/usr/share/texlive/texmf-dist/tex/generic/ulem/ulem.sty
\UL@box=\box26
\UL@hyphenbox=\box27
\UL@skip=\skip49
\UL@hook=\toks17
\UL@height=\dimen107
\UL@pe=\count98
\UL@pixel=\dimen108
\ULC@box=\box28
Package: ulem 2012/05/18
\ULdepth=\dimen109
)
(/usr/share/texlive/texmf-dist/tex/latex/natbib/natbib.sty
Package: natbib 2010/09/13 8.31b (PWD, AO)
\bibhang=\skip50
\bibsep=\skip51
LaTeX Info: Redefining \cite on input line 694.
\c@NAT@ctr=\count99
)
LaTeX Info: Redefining \refname on input line 274.
\c@@append=\count100
)
(/usr/share/texlive/texmf-dist/tex/latex/lineno/lineno.sty
Package: lineno 2005/11/02 line numbers on paragraphs v4.41
\linenopenalty=\count101
\output=\toks18
\linenoprevgraf=\count102
\linenumbersep=\dimen110
\linenumberwidth=\dimen111
\c@linenumber=\count103
\c@pagewiselinenumber=\count104
\c@LN@truepage=\count105
\c@internallinenumber=\count106
\c@internallinenumbers=\count107
\quotelinenumbersep=\dimen112
\bframerule=\dimen113
\bframesep=\dimen114
\bframebox=\box29
LaTeX Info: Redefining \\ on input line 3056.
) (./NS2015_Dona.aux

LaTeX Warning: Label `epoxy-resin' multiply defined.


LaTeX Warning: Label `epoxy-resin' multiply defined.

)
\openout1 = `NS2015_Dona.aux'.

LaTeX Font Info:    Checking defaults for OML/cmm/m/it on input line 20.
LaTeX Font Info:    ... okay on input line 20.
LaTeX Font Info:    Checking defaults for T1/cmr/m/n on input line 20.
LaTeX Font Info:    ... okay on input line 20.
LaTeX Font Info:    Checking defaults for OT1/cmr/m/n on input line 20.
LaTeX Font Info:    ... okay on input line 20.
LaTeX Font Info:    Checking defaults for OMS/cmsy/m/n on input line 20.
LaTeX Font Info:    ... okay on input line 20.
LaTeX Font Info:    Checking defaults for OMX/cmex/m/n on input line 20.
LaTeX Font Info:    ... okay on input line 20.
LaTeX Font Info:    Checking defaults for U/cmr/m/n on input line 20.
LaTeX Font Info:    ... okay on input line 20.
 (/usr/share/texlive/texmf-dist/tex/context/base/supp-pdf.mkii
[Loading MPS to PDF converter (version 2006.09.02).]
\scratchcounter=\count108
\scratchdimen=\dimen115
\scratchbox=\box30
\nofMPsegments=\count109
\nofMParguments=\count110
\everyMPshowfont=\toks19
\MPscratchCnt=\count111
\MPscratchDim=\dimen116
\MPnumerator=\count112
\makeMPintoPDFobject=\count113
\everyMPtoPDFconversion=\toks20
) (/usr/share/texlive/texmf-dist/tex/generic/oberdiek/pdftexcmds.sty
Package: pdftexcmds 2011/11/29 v0.20 Utility functions of pdfTeX for LuaTeX (HO
)

(/usr/share/texlive/texmf-dist/tex/generic/oberdiek/ifluatex.sty
Package: ifluatex 2010/03/01 v1.3 Provides the ifluatex switch (HO)
Package ifluatex Info: LuaTeX not detected.
)
Package pdftexcmds Info: LuaTeX not detected.
Package pdftexcmds Info: \pdf@primitive is available.
Package pdftexcmds Info: \pdf@ifprimitive is available.
Package pdftexcmds Info: \pdfdraftmode found.
)
(/usr/share/texlive/texmf-dist/tex/latex/oberdiek/epstopdf-base.sty
Package: epstopdf-base 2010/02/09 v2.5 Base part for package epstopdf

(/usr/share/texlive/texmf-dist/tex/latex/oberdiek/grfext.sty
Package: grfext 2010/08/19 v1.1 Manage graphics extensions (HO)

(/usr/share/texlive/texmf-dist/tex/generic/oberdiek/kvdefinekeys.sty
Package: kvdefinekeys 2011/04/07 v1.3 Define keys (HO)
))
(/usr/share/texlive/texmf-dist/tex/latex/oberdiek/kvoptions.sty
Package: kvoptions 2011/06/30 v3.11 Key value format for package options (HO)

(/usr/share/texlive/texmf-dist/tex/generic/oberdiek/kvsetkeys.sty
Package: kvsetkeys 2012/04/25 v1.16 Key value parser (HO)

(/usr/share/texlive/texmf-dist/tex/generic/oberdiek/etexcmds.sty
Package: etexcmds 2011/02/16 v1.5 Avoid name clashes with e-TeX commands (HO)
Package etexcmds Info: Could not find \expanded.
(etexcmds)             That can mean that you are not using pdfTeX 1.50 or
(etexcmds)             that some package has redefined \expanded.
(etexcmds)             In the latter case, load this package earlier.
)))
Package grfext Info: Graphics extension search list:
(grfext)             [.pdf,.png,.eps]
(grfext)             \AppendGraphicsExtensions on input line 452.

(/usr/share/texlive/texmf-dist/tex/latex/latexconfig/epstopdf-sys.cfg
File: epstopdf-sys.cfg 2010/07/13 v1.3 Configuration of (r)epstopdf for TeX Liv
e
))
LaTeX Font Info:    External font `cmex10' loaded for size
(Font)              <10.95> on input line 40.
LaTeX Font Info:    External font `cmex10' loaded for size
(Font)              <8> on input line 40.
LaTeX Font Info:    External font `cmex10' loaded for size
(Font)              <6> on input line 40.
LaTeX Font Info:    External font `cmex10' loaded for size
(Font)              <5> on input line 40.

[1

{/var/lib/texmf/fonts/map/pdftex/updmap/pdftex.map}] [2] [3] [4] [5] [6]
[7] [8] [9]
Missing character: There is no â in font cmr10!
Missing character: There is no € in font cmr10!
Missing character: There is no ¦ in font cmr10!
 [10] [11] [12] [13] [14] [15]
Package epstopdf Info: Source file: <fig/panel_musc_bench.eps>
(epstopdf)                    date: 2015-09-29 16:51:14
(epstopdf)                    size: 2700190 bytes
(epstopdf)             Output file: <fig/panel_musc_bench-eps-converted-to.pdf>

(epstopdf)                    date: 2015-10-27 10:44:47
(epstopdf)                    size: 454139 bytes
(epstopdf)             Command: <repstopdf --outfile=fig/panel_musc_bench-eps-c
onverted-to.pdf fig/panel_musc_bench.eps>
(epstopdf)             \includegraphics on input line 203.
Package epstopdf Info: Output file is already uptodate.

<fig/panel_musc_bench-eps-converted-to.pdf, id=61, 578.16pt x 477.785pt>
File: fig/panel_musc_bench-eps-converted-to.pdf Graphic file (type pdf)

<use fig/panel_musc_bench-eps-converted-to.pdf>
Package pdftex.def Info: fig/panel_musc_bench-eps-converted-to.pdf used on inpu
t line 203.
(pdftex.def)             Requested size: 289.07928pt x 238.8919pt.


LaTeX Warning: `!h' float specifier changed to `!ht'.

Package epstopdf Info: Source file: <fig/panel_multisrcrec.eps>
(epstopdf)                    date: 2015-09-29 16:51:14
(epstopdf)                    size: 54870443 bytes
(epstopdf)             Output file: <fig/panel_multisrcrec-eps-converted-to.pdf
>
(epstopdf)                    date: 2015-10-27 10:44:57
(epstopdf)                    size: 1445785 bytes
(epstopdf)             Command: <repstopdf --outfile=fig/panel_multisrcrec-eps-
converted-to.pdf fig/panel_multisrcrec.eps>
(epstopdf)             \includegraphics on input line 211.
Package epstopdf Info: Output file is already uptodate.
<fig/panel_multisrcrec-eps-converted-to.pdf, id=62, 952.55875pt x 413.545pt>
File: fig/panel_multisrcrec-eps-converted-to.pdf Graphic file (type pdf)

<use fig/panel_multisrcrec-eps-converted-to.pdf>
Package pdftex.def Info: fig/panel_multisrcrec-eps-converted-to.pdf used on inp
ut line 211.
(pdftex.def)             Requested size: 476.27821pt x 206.77199pt.

Overfull \hbox (42.65822pt too wide) in paragraph at lines 211--212
 [][] 
 []


LaTeX Warning: `!h' float specifier changed to `!ht'.

Package epstopdf Info: Source file: <fig/bialt_model.eps>
(epstopdf)                    date: 2015-12-09 16:25:17
(epstopdf)                    size: 21500 bytes
(epstopdf)             Output file: <fig/bialt_model-eps-converted-to.pdf>
(epstopdf)                    date: 2015-10-27 10:45:01
(epstopdf)                    size: 9518 bytes
(epstopdf)             Command: <repstopdf --outfile=fig/bialt_model-eps-conver
ted-to.pdf fig/bialt_model.eps>
(epstopdf)             \includegraphics on input line 218.
runsystem(repstopdf --outfile=fig/bialt_model-eps-converted-to.pdf fig/bialt_mo
del.eps)...executed safely (allowed).

Package epstopdf Info: Result file: <fig/bialt_model-eps-converted-to.pdf>
(epstopdf)                    date: 2015-12-09 16:25:54
(epstopdf)                    size: 9525 bytes.
<fig/bialt_model-eps-converted-to.pdf, id=63, 480.79625pt x 335.2525pt>
File: fig/bialt_model-eps-converted-to.pdf Graphic file (type pdf)

<use fig/bialt_model-eps-converted-to.pdf>
Package pdftex.def Info: fig/bialt_model-eps-converted-to.pdf used on input lin
e 218.
(pdftex.def)             Requested size: 240.39752pt x 167.62584pt.


LaTeX Warning: `!h' float specifier changed to `!ht'.

Package epstopdf Info: Source file: <fig/amplitude_acqui_principle.eps>
(epstopdf)                    date: 2015-09-29 16:51:14
(epstopdf)                    size: 37160 bytes
(epstopdf)             Output file: <fig/amplitude_acqui_principle-eps-converte
d-to.pdf>
(epstopdf)                    date: 2015-10-27 10:44:58
(epstopdf)                    size: 12667 bytes
(epstopdf)             Command: <repstopdf --outfile=fig/amplitude_acqui_princi
ple-eps-converted-to.pdf fig/amplitude_acqui_principle.eps>
(epstopdf)             \includegraphics on input line 234.
Package epstopdf Info: Output file is already uptodate.

<fig/amplitude_acqui_principle-eps-converted-to.pdf, id=64, 493.845pt x 459.717
5pt>
File: fig/amplitude_acqui_principle-eps-converted-to.pdf Graphic file (type pdf
)
 <use fig/amplitude_acqui_principle-eps-converted-to.pdf>
Package pdftex.def Info: fig/amplitude_acqui_principle-eps-converted-to.pdf use
d on input line 234.
(pdftex.def)             Requested size: 246.92189pt x 229.85818pt.


LaTeX Warning: `!h' float specifier changed to `!ht'.

Package epstopdf Info: Source file: <fig/amplitude_stack_principle.eps>
(epstopdf)                    date: 2015-12-09 10:33:44
(epstopdf)                    size: 4795614 bytes
(epstopdf)             Output file: <fig/amplitude_stack_principle-eps-converte
d-to.pdf>
(epstopdf)                    date: 2015-12-09 10:33:50
(epstopdf)                    size: 896069 bytes
(epstopdf)             Command: <repstopdf --outfile=fig/amplitude_stack_princi
ple-eps-converted-to.pdf fig/amplitude_stack_principle.eps>
(epstopdf)             \includegraphics on input line 241.
Package epstopdf Info: Output file is already uptodate.

<fig/amplitude_stack_principle-eps-converted-to.pdf, id=65, 702.625pt x 898.356
25pt>
File: fig/amplitude_stack_principle-eps-converted-to.pdf Graphic file (type pdf
)
 <use fig/amplitude_stack_principle-eps-converted-to.pdf>
Package pdftex.def Info: fig/amplitude_stack_principle-eps-converted-to.pdf use
d on input line 241.
(pdftex.def)             Requested size: 351.31163pt x 449.17702pt.


LaTeX Warning: `!h' float specifier changed to `!ht'.

Package epstopdf Info: Source file: <fig/trans2d3d.eps>
(epstopdf)                    date: 2015-12-09 11:59:14
(epstopdf)                    size: 522706 bytes
(epstopdf)             Output file: <fig/trans2d3d-eps-converted-to.pdf>
(epstopdf)                    date: 2015-12-09 11:59:20
(epstopdf)                    size: 155594 bytes
(epstopdf)             Command: <repstopdf --outfile=fig/trans2d3d-eps-converte
d-to.pdf fig/trans2d3d.eps>
(epstopdf)             \includegraphics on input line 248.
Package epstopdf Info: Output file is already uptodate.
<fig/trans2d3d-eps-converted-to.pdf, id=66, 907.39pt x 848.16875pt>
File: fig/trans2d3d-eps-converted-to.pdf Graphic file (type pdf)

<use fig/trans2d3d-eps-converted-to.pdf>
Package pdftex.def Info: fig/trans2d3d-eps-converted-to.pdf used on input line 
248.
(pdftex.def)             Requested size: 453.6939pt x 424.08333pt.

Overfull \hbox (20.0739pt too wide) in paragraph at lines 248--249
 [][] 
 []


LaTeX Warning: `!h' float specifier changed to `!ht'.

Package epstopdf Info: Source file: <fig/reproducibility_acqui_principle.eps>
(epstopdf)                    date: 2015-09-29 16:51:14
(epstopdf)                    size: 41008 bytes
(epstopdf)             Output file: <fig/reproducibility_acqui_principle-eps-co
nverted-to.pdf>
(epstopdf)                    date: 2015-10-27 10:44:59
(epstopdf)                    size: 9198 bytes
(epstopdf)             Command: <repstopdf --outfile=fig/reproducibility_acqui_
principle-eps-converted-to.pdf fig/reproducibility_acqui_principle.eps>
(epstopdf)             \includegraphics on input line 263.
Package epstopdf Info: Output file is already uptodate.

<fig/reproducibility_acqui_principle-eps-converted-to.pdf, id=67, 433.62pt x 43
7.635pt>
File: fig/reproducibility_acqui_principle-eps-converted-to.pdf Graphic file (ty
pe pdf)
 <use fig/reproducibility_acqui_principle-eps-converted-to.pdf>
Package pdftex.def Info: fig/reproducibility_acqui_principle-eps-converted-to.p
df used on input line 263.
(pdftex.def)             Requested size: 216.80946pt x 218.81696pt.


LaTeX Warning: `!h' float specifier changed to `!ht'.

Package epstopdf Info: Source file: <fig/musc_F50_CT.eps>
(epstopdf)                    date: 2015-12-09 16:20:44
(epstopdf)                    size: 395159 bytes
(epstopdf)             Output file: <fig/musc_F50_CT-eps-converted-to.pdf>
(epstopdf)                    date: 2015-12-09 16:23:39
(epstopdf)                    size: 109560 bytes
(epstopdf)             Command: <repstopdf --outfile=fig/musc_F50_CT-eps-conver
ted-to.pdf fig/musc_F50_CT.eps>
(epstopdf)             \includegraphics on input line 270.
Package epstopdf Info: Output file is already uptodate.
<fig/musc_F50_CT-eps-converted-to.pdf, id=68, 441.65pt x 413.545pt>
File: fig/musc_F50_CT-eps-converted-to.pdf Graphic file (type pdf)

<use fig/musc_F50_CT-eps-converted-to.pdf>
Package pdftex.def Info: fig/musc_F50_CT-eps-converted-to.pdf used on input lin
e 270.
(pdftex.def)             Requested size: 220.82445pt x 206.77199pt.


LaTeX Warning: `!h' float specifier changed to `!ht'.

Package epstopdf Info: Source file: <fig/spec_F50_CT_COMP.eps>
(epstopdf)                    date: 2015-12-09 16:23:34
(epstopdf)                    size: 453673 bytes
(epstopdf)             Output file: <fig/spec_F50_CT_COMP-eps-converted-to.pdf>

(epstopdf)                    date: 2015-12-09 16:23:39
(epstopdf)                    size: 122125 bytes
(epstopdf)             Command: <repstopdf --outfile=fig/spec_F50_CT_COMP-eps-c
onverted-to.pdf fig/spec_F50_CT_COMP.eps>
(epstopdf)             \includegraphics on input line 284.
Package epstopdf Info: Output file is already uptodate.
<fig/spec_F50_CT_COMP-eps-converted-to.pdf, id=69, 443.6575pt x 630.355pt>
File: fig/spec_F50_CT_COMP-eps-converted-to.pdf Graphic file (type pdf)

<use fig/spec_F50_CT_COMP-eps-converted-to.pdf>
Package pdftex.def Info: fig/spec_F50_CT_COMP-eps-converted-to.pdf used on inpu
t line 284.
(pdftex.def)             Requested size: 221.8282pt x 315.17673pt.


LaTeX Warning: `!h' float specifier changed to `!ht'.

Package epstopdf Info: Source file: <fig/blind-comp-cor.eps>
(epstopdf)                    date: 2015-09-29 16:51:14
(epstopdf)                    size: 318175 bytes
(epstopdf)             Output file: <fig/blind-comp-cor-eps-converted-to.pdf>
(epstopdf)                    date: 2015-10-27 10:45:01
(epstopdf)                    size: 119333 bytes
(epstopdf)             Command: <repstopdf --outfile=fig/blind-comp-cor-eps-con
verted-to.pdf fig/blind-comp-cor.eps>
(epstopdf)             \includegraphics on input line 294.
Package epstopdf Info: Output file is already uptodate.
<fig/blind-comp-cor-eps-converted-to.pdf, id=70, 536.0025pt x 945.5325pt>
File: fig/blind-comp-cor-eps-converted-to.pdf Graphic file (type pdf)

<use fig/blind-comp-cor-eps-converted-to.pdf>
Package pdftex.def Info: fig/blind-comp-cor-eps-converted-to.pdf used on input 
line 294.
(pdftex.def)             Requested size: 268.0006pt x 472.76509pt.


LaTeX Warning: `!h' float specifier changed to `!ht'.

[16] [17 <./fig/panel_musc_bench-eps-converted-to.pdf>] [18 <./fig/panel_multis
rcrec-eps-converted-to.pdf> <./fig/bialt_model-eps-converted-to.pdf>] [19 <./fi
g/amplitude_acqui_principle-eps-converted-to.pdf>] [20 <./fig/amplitude_stack_p
rinciple-eps-converted-to.pdf>] [21 <./fig/trans2d3d-eps-converted-to.pdf>]
[22 <./fig/reproducibility_acqui_principle-eps-converted-to.pdf>] [23 <./fig/mu
sc_F50_CT-eps-converted-to.pdf>] [24 <./fig/spec_F50_CT_COMP-eps-converted-to.p
df>] [25 <./fig/blind-comp-cor-eps-converted-to.pdf>] [26

]

LaTeX Warning: Text page 27 contains only floats.

[27] [28

] (./NS2015_Dona.bbl [29

]
Underfull \hbox (badness 1406) in paragraph at lines 62--64
[]\OT1/cmr/m/n/10.95 French, W. S., 1974, Two-dimensional and three-dimensional
 mi-gra-tion of model-
 []

[30] [31] [32]
Missing character: There is no â in font cmr10!
Missing character: There is no € in font cmr10!
Missing character: There is no “ in font cmr10!
) [33] (./NS2015_Dona.aux)

LaTeX Warning: There were multiply-defined labels.

 ) 
Here is how much of TeX's memory you used:
 2758 strings out of 493105
 40492 string characters out of 6137078
 103116 words of memory out of 5000000
 6181 multiletter control sequences out of 15000+600000
 8710 words of font info for 31 fonts, out of 8000000 for 9000
 1141 hyphenation exceptions out of 8191
 41i,11n,29p,2931b,305s stack positions out of 5000i,500n,10000p,200000b,80000s
</usr/share/texlive/texmf-dist/fonts/type1/public/amsfonts/cm/cmbx10.pfb></us
r/share/texlive/texmf-dist/fonts/type1/public/amsfonts/cm/cmbx12.pfb></usr/shar
e/texlive/texmf-dist/fonts/type1/public/amsfonts/cm/cmbxti10.pfb></usr/share/te
xlive/texmf-dist/fonts/type1/public/amsfonts/cm/cmmi10.pfb></usr/share/texlive/
texmf-dist/fonts/type1/public/amsfonts/cm/cmmi8.pfb></usr/share/texlive/texmf-d
ist/fonts/type1/public/amsfonts/cm/cmr10.pfb></usr/share/texlive/texmf-dist/fon
ts/type1/public/amsfonts/cm/cmr8.pfb></usr/share/texlive/texmf-dist/fonts/type1
/public/amsfonts/cm/cmss8.pfb></usr/share/texlive/texmf-dist/fonts/type1/public
/amsfonts/cm/cmsy10.pfb></usr/share/texlive/texmf-dist/fonts/type1/public/amsfo
nts/cm/cmsy8.pfb></usr/share/texlive/texmf-dist/fonts/type1/public/amsfonts/cm/
cmti10.pfb>
Output written on NS2015_Dona.pdf (33 pages, 3488434 bytes).
PDF statistics:
 250 PDF objects out of 1000 (max. 8388607)
 161 compressed objects within 2 object streams
 0 named destinations out of 1000 (max. 500000)
 51 words of extra memory for PDF output out of 10000 (max. 10000000)

