This is pdfTeX, Version 3.1415926-2.5-1.40.14 (TeX Live 2013/Debian) (format=pdflatex 2015.4.27)  23 JUN 2016 17:23
entering extended mode
 restricted \write18 enabled.
 %&-line parsing enabled.
**NS2015-18avril-Damien-corr2-DL23JUIN.tex
(./NS2015-18avril-Damien-corr2-DL23JUIN.tex
LaTeX2e <2011/06/27>
Babel <3.9h> and hyphenation patterns for 78 languages loaded.
(./geophysics.cls
Document Class: geophysics 2007/02/14 v3.0 Geophysics paper
(/usr/share/texlive/texmf-dist/tex/latex/base/ifthen.sty
Package: ifthen 2001/05/26 v1.1c Standard LaTeX ifthen package (DPC)
)
(/usr/share/texlive/texmf-dist/tex/latex/base/article.cls
Document Class: article 2007/10/19 v1.4h Standard LaTeX document class
(/usr/share/texlive/texmf-dist/tex/latex/base/size11.clo
File: size11.clo 2007/10/19 v1.4h Standard LaTeX file (size option)
)
\c@part=\count79
\c@section=\count80
\c@subsection=\count81
\c@subsubsection=\count82
\c@paragraph=\count83
\c@subparagraph=\count84
\c@figure=\count85
\c@table=\count86
\abovecaptionskip=\skip41
\belowcaptionskip=\skip42
\bibindent=\dimen102
) (./seg.sty
(/usr/share/texlive/texmf-dist/tex/generic/oberdiek/ifpdf.sty
Package: ifpdf 2011/01/30 v2.3 Provides the ifpdf switch (HO)
Package ifpdf Info: pdfTeX in PDF mode is detected.
)
(/usr/share/texlive/texmf-dist/tex/latex/graphics/graphicx.sty
Package: graphicx 1999/02/16 v1.0f Enhanced LaTeX Graphics (DPC,SPQR)

(/usr/share/texlive/texmf-dist/tex/latex/graphics/keyval.sty
Package: keyval 1999/03/16 v1.13 key=value parser (DPC)
\KV@toks@=\toks14
)
(/usr/share/texlive/texmf-dist/tex/latex/graphics/graphics.sty
Package: graphics 2009/02/05 v1.0o Standard LaTeX Graphics (DPC,SPQR)

(/usr/share/texlive/texmf-dist/tex/latex/graphics/trig.sty
Package: trig 1999/03/16 v1.09 sin cos tan (DPC)
)
(/usr/share/texlive/texmf-dist/tex/latex/latexconfig/graphics.cfg
File: graphics.cfg 2010/04/23 v1.9 graphics configuration of TeX Live
)
Package graphics Info: Driver file: pdftex.def on input line 91.

(/usr/share/texlive/texmf-dist/tex/latex/pdftex-def/pdftex.def
File: pdftex.def 2011/05/27 v0.06d Graphics/color for pdfTeX

(/usr/share/texlive/texmf-dist/tex/generic/oberdiek/infwarerr.sty
Package: infwarerr 2010/04/08 v1.3 Providing info/warning/error messages (HO)
)
(/usr/share/texlive/texmf-dist/tex/generic/oberdiek/ltxcmds.sty
Package: ltxcmds 2011/11/09 v1.22 LaTeX kernel commands for general use (HO)
)
\Gread@gobject=\count87
))
\Gin@req@height=\dimen103
\Gin@req@width=\dimen104
)
(/usr/share/texlive/texmf-dist/tex/latex/tools/verbatim.sty
Package: verbatim 2003/08/22 v1.5q LaTeX2e package for verbatim enhancements
\every@verbatim=\toks15
\verbatim@line=\toks16
\verbatim@in@stream=\read1
)
(/usr/share/texlive/texmf-dist/tex/latex/moreverb/moreverb.sty
Package: moreverb 2008/06/03 v2.3a `more' verbatim facilities
\tab@position=\count88
\tab@size=\count89
\listing@line=\count90
))
\c@@plots=\count91

(/usr/share/texlive/texmf-dist/tex/latex/subfigure/subfigure.sty
Package: subfigure 2002/03/15 v2.1.5 subfigure package
\subfigtopskip=\skip43
\subfigcapskip=\skip44
\subfigcaptopadj=\dimen105
\subfigbottomskip=\skip45
\subfigcapmargin=\dimen106
\subfiglabelskip=\skip46
\c@subfigure=\count92
\c@lofdepth=\count93
\c@subtable=\count94
\c@lotdepth=\count95

****************************************
* Local config file subfigure.cfg used *
****************************************
(/usr/share/texlive/texmf-dist/tex/latex/subfigure/subfigure.cfg)
\subfig@top=\skip47
\subfig@bottom=\skip48
)
\c@sub@fig=\count96
\c@@tabls=\count97

(/usr/share/texlive/texmf-dist/tex/latex/graphics/color.sty
Package: color 2005/11/14 v1.0j Standard LaTeX Color (DPC)

(/usr/share/texlive/texmf-dist/tex/latex/latexconfig/color.cfg
File: color.cfg 2007/01/18 v1.5 color configuration of teTeX/TeXLive
)
Package color Info: Driver file: pdftex.def on input line 130.
)
(/usr/share/texlive/texmf-dist/tex/generic/ulem/ulem.sty
\UL@box=\box26
\UL@hyphenbox=\box27
\UL@skip=\skip49
\UL@hook=\toks17
\UL@height=\dimen107
\UL@pe=\count98
\UL@pixel=\dimen108
\ULC@box=\box28
Package: ulem 2012/05/18
\ULdepth=\dimen109
)
(/usr/share/texlive/texmf-dist/tex/latex/natbib/natbib.sty
Package: natbib 2010/09/13 8.31b (PWD, AO)
\bibhang=\skip50
\bibsep=\skip51
LaTeX Info: Redefining \cite on input line 694.
\c@NAT@ctr=\count99
)
LaTeX Info: Redefining \refname on input line 274.
\c@@append=\count100
)
(/usr/share/texlive/texmf-dist/tex/latex/lineno/lineno.sty
Package: lineno 2005/11/02 line numbers on paragraphs v4.41
\linenopenalty=\count101
\output=\toks18
\linenoprevgraf=\count102
\linenumbersep=\dimen110
\linenumberwidth=\dimen111
\c@linenumber=\count103
\c@pagewiselinenumber=\count104
\c@LN@truepage=\count105
\c@internallinenumber=\count106
\c@internallinenumbers=\count107
\quotelinenumbersep=\dimen112
\bframerule=\dimen113
\bframesep=\dimen114
\bframebox=\box29
LaTeX Info: Redefining \\ on input line 3056.
)
(./NS2015-18avril-Damien-corr2-DL23JUIN.aux

LaTeX Warning: Label `epoxy-resin' multiply defined.


LaTeX Warning: Label `epoxy-resin' multiply defined.

)
\openout1 = `NS2015-18avril-Damien-corr2-DL23JUIN.aux'.

LaTeX Font Info:    Checking defaults for OML/cmm/m/it on input line 22.
LaTeX Font Info:    ... okay on input line 22.
LaTeX Font Info:    Checking defaults for T1/cmr/m/n on input line 22.
LaTeX Font Info:    ... okay on input line 22.
LaTeX Font Info:    Checking defaults for OT1/cmr/m/n on input line 22.
LaTeX Font Info:    ... okay on input line 22.
LaTeX Font Info:    Checking defaults for OMS/cmsy/m/n on input line 22.
LaTeX Font Info:    ... okay on input line 22.
LaTeX Font Info:    Checking defaults for OMX/cmex/m/n on input line 22.
LaTeX Font Info:    ... okay on input line 22.
LaTeX Font Info:    Checking defaults for U/cmr/m/n on input line 22.
LaTeX Font Info:    ... okay on input line 22.
 (/usr/share/texlive/texmf-dist/tex/context/base/supp-pdf.mkii
[Loading MPS to PDF converter (version 2006.09.02).]
\scratchcounter=\count108
\scratchdimen=\dimen115
\scratchbox=\box30
\nofMPsegments=\count109
\nofMParguments=\count110
\everyMPshowfont=\toks19
\MPscratchCnt=\count111
\MPscratchDim=\dimen116
\MPnumerator=\count112
\makeMPintoPDFobject=\count113
\everyMPtoPDFconversion=\toks20
) (/usr/share/texlive/texmf-dist/tex/generic/oberdiek/pdftexcmds.sty
Package: pdftexcmds 2011/11/29 v0.20 Utility functions of pdfTeX for LuaTeX (HO
)

(/usr/share/texlive/texmf-dist/tex/generic/oberdiek/ifluatex.sty
Package: ifluatex 2010/03/01 v1.3 Provides the ifluatex switch (HO)
Package ifluatex Info: LuaTeX not detected.
)
Package pdftexcmds Info: LuaTeX not detected.
Package pdftexcmds Info: \pdf@primitive is available.
Package pdftexcmds Info: \pdf@ifprimitive is available.
Package pdftexcmds Info: \pdfdraftmode found.
)
(/usr/share/texlive/texmf-dist/tex/latex/oberdiek/epstopdf-base.sty
Package: epstopdf-base 2010/02/09 v2.5 Base part for package epstopdf

(/usr/share/texlive/texmf-dist/tex/latex/oberdiek/grfext.sty
Package: grfext 2010/08/19 v1.1 Manage graphics extensions (HO)

(/usr/share/texlive/texmf-dist/tex/generic/oberdiek/kvdefinekeys.sty
Package: kvdefinekeys 2011/04/07 v1.3 Define keys (HO)
))
(/usr/share/texlive/texmf-dist/tex/latex/oberdiek/kvoptions.sty
Package: kvoptions 2011/06/30 v3.11 Key value format for package options (HO)

(/usr/share/texlive/texmf-dist/tex/generic/oberdiek/kvsetkeys.sty
Package: kvsetkeys 2012/04/25 v1.16 Key value parser (HO)

(/usr/share/texlive/texmf-dist/tex/generic/oberdiek/etexcmds.sty
Package: etexcmds 2011/02/16 v1.5 Avoid name clashes with e-TeX commands (HO)
Package etexcmds Info: Could not find \expanded.
(etexcmds)             That can mean that you are not using pdfTeX 1.50 or
(etexcmds)             that some package has redefined \expanded.
(etexcmds)             In the latter case, load this package earlier.
)))
Package grfext Info: Graphics extension search list:
(grfext)             [.pdf,.png,.eps]
(grfext)             \AppendGraphicsExtensions on input line 452.

(/usr/share/texlive/texmf-dist/tex/latex/latexconfig/epstopdf-sys.cfg
File: epstopdf-sys.cfg 2010/07/13 v1.3 Configuration of (r)epstopdf for TeX Liv
e
))
LaTeX Font Info:    External font `cmex10' loaded for size
(Font)              <10.95> on input line 42.
LaTeX Font Info:    External font `cmex10' loaded for size
(Font)              <8> on input line 42.
LaTeX Font Info:    External font `cmex10' loaded for size
(Font)              <6> on input line 42.
LaTeX Font Info:    External font `cmex10' loaded for size
(Font)              <5> on input line 42.

[1

{/var/lib/texmf/fonts/map/pdftex/updmap/pdftex.map}] [2] [3] [4]
Missing character: There is no ‚ in font cmr10!
Missing character: There is no Ä in font cmr10!
Missing character: There is no ô in font cmr10!
 [5] [6]
[7] [8]
Missing character: There is no ‚ in font cmr10!
Missing character: There is no Ä in font cmr10!
Missing character: There is no ô in font cmr10!
Missing character: There is no ‚ in font cmr10!
Missing character: There is no Ä in font cmr10!
Missing character: There is no ù in font cmr10!
 [9] [10] [11] [12] [13] [14] [15] [16] [17] [18] [19] [20] [21]
[22] [23] [24]
Missing character: There is no √ in font cmr10!
Missing character: There is no ´ in font cmr10!
Package epstopdf Info: Source file: <fig/panel_musc_bench.eps>
(epstopdf)                    date: 2016-06-23 15:59:46
(epstopdf)                    size: 2700190 bytes
(epstopdf)             Output file: <fig/panel_musc_bench-eps-converted-to.pdf>

(epstopdf)                    date: 2016-06-23 16:25:26
(epstopdf)                    size: 454139 bytes
(epstopdf)             Command: <repstopdf --outfile=fig/panel_musc_bench-eps-c
onverted-to.pdf fig/panel_musc_bench.eps>
(epstopdf)             \includegraphics on input line 323.
Package epstopdf Info: Output file is already uptodate.

<fig/panel_musc_bench-eps-converted-to.pdf, id=94, 578.16pt x 477.785pt>
File: fig/panel_musc_bench-eps-converted-to.pdf Graphic file (type pdf)

<use fig/panel_musc_bench-eps-converted-to.pdf>
Package pdftex.def Info: fig/panel_musc_bench-eps-converted-to.pdf used on inpu
t line 323.
(pdftex.def)             Requested size: 325.215pt x 268.7534pt.


LaTeX Warning: `!h' float specifier changed to `!ht'.

Package epstopdf Info: Source file: <fig/panel_multisrcrec.eps>
(epstopdf)                    date: 2016-06-23 15:59:46
(epstopdf)                    size: 54870443 bytes
(epstopdf)             Output file: <fig/panel_multisrcrec-eps-converted-to.pdf
>
(epstopdf)                    date: 2016-06-23 16:25:37
(epstopdf)                    size: 1445785 bytes
(epstopdf)             Command: <repstopdf --outfile=fig/panel_multisrcrec-eps-
converted-to.pdf fig/panel_multisrcrec.eps>
(epstopdf)             \includegraphics on input line 331.
Package epstopdf Info: Output file is already uptodate.
<fig/panel_multisrcrec-eps-converted-to.pdf, id=95, 952.55875pt x 413.545pt>
File: fig/panel_multisrcrec-eps-converted-to.pdf Graphic file (type pdf)

<use fig/panel_multisrcrec-eps-converted-to.pdf>
Package pdftex.def Info: fig/panel_multisrcrec-eps-converted-to.pdf used on inp
ut line 331.
(pdftex.def)             Requested size: 325.215pt x 141.19028pt.


LaTeX Warning: `!h' float specifier changed to `!ht'.

Package epstopdf Info: Source file: <fig/bialt_model.eps>
(epstopdf)                    date: 2016-06-23 15:59:45
(epstopdf)                    size: 21500 bytes
(epstopdf)             Output file: <fig/bialt_model-eps-converted-to.pdf>
(epstopdf)                    date: 2016-06-23 16:25:37
(epstopdf)                    size: 9525 bytes
(epstopdf)             Command: <repstopdf --outfile=fig/bialt_model-eps-conver
ted-to.pdf fig/bialt_model.eps>
(epstopdf)             \includegraphics on input line 338.
Package epstopdf Info: Output file is already uptodate.
<fig/bialt_model-eps-converted-to.pdf, id=96, 480.79625pt x 335.2525pt>
File: fig/bialt_model-eps-converted-to.pdf Graphic file (type pdf)

<use fig/bialt_model-eps-converted-to.pdf>
Package pdftex.def Info: fig/bialt_model-eps-converted-to.pdf used on input lin
e 338.
(pdftex.def)             Requested size: 325.215pt x 226.77164pt.


LaTeX Warning: `!h' float specifier changed to `!ht'.

Package epstopdf Info: Source file: <fig/bialt-mesh.eps>
(epstopdf)                    date: 2016-06-23 15:59:45
(epstopdf)                    size: 72158 bytes
(epstopdf)             Output file: <fig/bialt-mesh-eps-converted-to.pdf>
(epstopdf)                    date: 2016-06-23 16:25:38
(epstopdf)                    size: 9350 bytes
(epstopdf)             Command: <repstopdf --outfile=fig/bialt-mesh-eps-convert
ed-to.pdf fig/bialt-mesh.eps>
(epstopdf)             \includegraphics on input line 345.
Package epstopdf Info: Output file is already uptodate.
<fig/bialt-mesh-eps-converted-to.pdf, id=97, 361.35pt x 135.50626pt>
File: fig/bialt-mesh-eps-converted-to.pdf Graphic file (type pdf)

<use fig/bialt-mesh-eps-converted-to.pdf>
Package pdftex.def Info: fig/bialt-mesh-eps-converted-to.pdf used on input line
 345.
(pdftex.def)             Requested size: 325.215pt x 121.95654pt.


LaTeX Warning: `!h' float specifier changed to `!ht'.

Package epstopdf Info: Source file: <fig/amplitude_acqui_principle.eps>
(epstopdf)                    date: 2016-06-23 15:59:45
(epstopdf)                    size: 37160 bytes
(epstopdf)             Output file: <fig/amplitude_acqui_principle-eps-converte
d-to.pdf>
(epstopdf)                    date: 2016-06-23 16:25:38
(epstopdf)                    size: 12667 bytes
(epstopdf)             Command: <repstopdf --outfile=fig/amplitude_acqui_princi
ple-eps-converted-to.pdf fig/amplitude_acqui_principle.eps>
(epstopdf)             \includegraphics on input line 353.
Package epstopdf Info: Output file is already uptodate.

<fig/amplitude_acqui_principle-eps-converted-to.pdf, id=98, 493.845pt x 459.717
5pt>
File: fig/amplitude_acqui_principle-eps-converted-to.pdf Graphic file (type pdf
)
 <use fig/amplitude_acqui_principle-eps-converted-to.pdf>
Package pdftex.def Info: fig/amplitude_acqui_principle-eps-converted-to.pdf use
d on input line 353.
(pdftex.def)             Requested size: 325.215pt x 302.73405pt.


LaTeX Warning: `!h' float specifier changed to `!ht'.

Package epstopdf Info: Source file: <fig/amplitude_stack_principle.eps>
(epstopdf)                    date: 2016-06-23 15:59:45
(epstopdf)                    size: 4795614 bytes
(epstopdf)             Output file: <fig/amplitude_stack_principle-eps-converte
d-to.pdf>
(epstopdf)                    date: 2016-06-23 16:25:42
(epstopdf)                    size: 896070 bytes
(epstopdf)             Command: <repstopdf --outfile=fig/amplitude_stack_princi
ple-eps-converted-to.pdf fig/amplitude_stack_principle.eps>
(epstopdf)             \includegraphics on input line 360.
Package epstopdf Info: Output file is already uptodate.

<fig/amplitude_stack_principle-eps-converted-to.pdf, id=99, 702.625pt x 898.356
25pt>
File: fig/amplitude_stack_principle-eps-converted-to.pdf Graphic file (type pdf
)
 <use fig/amplitude_stack_principle-eps-converted-to.pdf>
Package pdftex.def Info: fig/amplitude_stack_principle-eps-converted-to.pdf use
d on input line 360.
(pdftex.def)             Requested size: 325.215pt x 415.82596pt.


LaTeX Warning: `!h' float specifier changed to `!ht'.

Package epstopdf Info: Source file: <fig/trans2d3d.eps>
(epstopdf)                    date: 2016-06-23 15:59:46
(epstopdf)                    size: 522706 bytes
(epstopdf)             Output file: <fig/trans2d3d-eps-converted-to.pdf>
(epstopdf)                    date: 2016-06-23 16:25:42
(epstopdf)                    size: 155595 bytes
(epstopdf)             Command: <repstopdf --outfile=fig/trans2d3d-eps-converte
d-to.pdf fig/trans2d3d.eps>
(epstopdf)             \includegraphics on input line 367.
Package epstopdf Info: Output file is already uptodate.
<fig/trans2d3d-eps-converted-to.pdf, id=100, 907.39pt x 848.16875pt>
File: fig/trans2d3d-eps-converted-to.pdf Graphic file (type pdf)

<use fig/trans2d3d-eps-converted-to.pdf>
Package pdftex.def Info: fig/trans2d3d-eps-converted-to.pdf used on input line 
367.
(pdftex.def)             Requested size: 325.215pt x 303.9816pt.


LaTeX Warning: `!h' float specifier changed to `!ht'.

Package epstopdf Info: Source file: <fig/reproducibility_acqui_principle.eps>
(epstopdf)                    date: 2016-06-23 15:59:46
(epstopdf)                    size: 42759 bytes
(epstopdf)             Output file: <fig/reproducibility_acqui_principle-eps-co
nverted-to.pdf>
(epstopdf)                    date: 2016-06-23 16:25:42
(epstopdf)                    size: 12316 bytes
(epstopdf)             Command: <repstopdf --outfile=fig/reproducibility_acqui_
principle-eps-converted-to.pdf fig/reproducibility_acqui_principle.eps>
(epstopdf)             \includegraphics on input line 375.
Package epstopdf Info: Output file is already uptodate.

<fig/reproducibility_acqui_principle-eps-converted-to.pdf, id=101, 433.62pt x 4
71.7625pt>
File: fig/reproducibility_acqui_principle-eps-converted-to.pdf Graphic file (ty
pe pdf)
 <use fig/reproducibility_acqui_principle-eps-converted-to.pdf>
Package pdftex.def Info: fig/reproducibility_acqui_principle-eps-converted-to.p
df used on input line 375.
(pdftex.def)             Requested size: 325.215pt x 353.83539pt.


LaTeX Warning: `!h' float specifier changed to `!ht'.

Package epstopdf Info: Source file: <fig/musc_F50_CT.eps>
(epstopdf)                    date: 2016-06-23 15:59:45
(epstopdf)                    size: 410231 bytes
(epstopdf)             Output file: <fig/musc_F50_CT-eps-converted-to.pdf>
(epstopdf)                    date: 2016-06-23 16:25:43
(epstopdf)                    size: 111952 bytes
(epstopdf)             Command: <repstopdf --outfile=fig/musc_F50_CT-eps-conver
ted-to.pdf fig/musc_F50_CT.eps>
(epstopdf)             \includegraphics on input line 382.
Package epstopdf Info: Output file is already uptodate.
<fig/musc_F50_CT-eps-converted-to.pdf, id=102, 442.65375pt x 411.5375pt>
File: fig/musc_F50_CT-eps-converted-to.pdf Graphic file (type pdf)

<use fig/musc_F50_CT-eps-converted-to.pdf>
Package pdftex.def Info: fig/musc_F50_CT-eps-converted-to.pdf used on input lin
e 382.
(pdftex.def)             Requested size: 325.215pt x 302.37282pt.


LaTeX Warning: `!h' float specifier changed to `!ht'.

Package epstopdf Info: Source file: <fig/spec_F50_CT_COMP.eps>
(epstopdf)                    date: 2016-06-23 15:59:46
(epstopdf)                    size: 478043 bytes
(epstopdf)             Output file: <fig/spec_F50_CT_COMP-eps-converted-to.pdf>

(epstopdf)                    date: 2016-06-23 16:25:43
(epstopdf)                    size: 127829 bytes
(epstopdf)             Command: <repstopdf --outfile=fig/spec_F50_CT_COMP-eps-c
onverted-to.pdf fig/spec_F50_CT_COMP.eps>
(epstopdf)             \includegraphics on input line 389.
Package epstopdf Info: Output file is already uptodate.
<fig/spec_F50_CT_COMP-eps-converted-to.pdf, id=103, 444.66125pt x 628.3475pt>
File: fig/spec_F50_CT_COMP-eps-converted-to.pdf Graphic file (type pdf)

<use fig/spec_F50_CT_COMP-eps-converted-to.pdf>
Package pdftex.def Info: fig/spec_F50_CT_COMP-eps-converted-to.pdf used on inpu
t line 389.
(pdftex.def)             Requested size: 325.215pt x 459.56235pt.


LaTeX Warning: `!h' float specifier changed to `!ht'.

Package epstopdf Info: Source file: <fig/panel_bialt_lswe.eps>
(epstopdf)                    date: 2016-06-23 15:59:45
(epstopdf)                    size: 631722 bytes
(epstopdf)             Output file: <fig/panel_bialt_lswe-eps-converted-to.pdf>

(epstopdf)                    date: 2016-06-23 16:25:44
(epstopdf)                    size: 177803 bytes
(epstopdf)             Command: <repstopdf --outfile=fig/panel_bialt_lswe-eps-c
onverted-to.pdf fig/panel_bialt_lswe.eps>
(epstopdf)             \includegraphics on input line 399.
Package epstopdf Info: Output file is already uptodate.
<fig/panel_bialt_lswe-eps-converted-to.pdf, id=104, 452.69125pt x 634.37pt>
File: fig/panel_bialt_lswe-eps-converted-to.pdf Graphic file (type pdf)

<use fig/panel_bialt_lswe-eps-converted-to.pdf>
Package pdftex.def Info: fig/panel_bialt_lswe-eps-converted-to.pdf used on inpu
t line 399.
(pdftex.def)             Requested size: 325.215pt x 455.72968pt.


LaTeX Warning: `!h' float specifier changed to `!ht'.

[25] [26 <./fig/panel_musc_bench-eps-converted-to.pdf>] [27 <./fig/panel_multis
rcrec-eps-converted-to.pdf> <./fig/bialt_model-eps-converted-to.pdf>] [28 <./fi
g/bialt-mesh-eps-converted-to.pdf> <./fig/amplitude_acqui_principle-eps-convert
ed-to.pdf>] [29 <./fig/amplitude_stack_principle-eps-converted-to.pdf>]
[30 <./fig/trans2d3d-eps-converted-to.pdf>] [31 <./fig/reproducibility_acqui_pr
inciple-eps-converted-to.pdf>] [32 <./fig/musc_F50_CT-eps-converted-to.pdf>]
[33 <./fig/spec_F50_CT_COMP-eps-converted-to.pdf>] [34 <./fig/panel_bialt_lswe-
eps-converted-to.pdf>] [35

] [36] (./NS2015-18avril-Damien-corr2-DL23JUIN.bbl
[37

]
Underfull \hbox (badness 1406) in paragraph at lines 92--94
[]\OT1/cmr/m/n/10.95 French, W. S., 1974, Two-dimensional and three-dimensional
 mi-gra-tion of model-
 []

[38] [39] [40]
Missing character: There is no ‚ in font cmr10!
Missing character: There is no Ä in font cmr10!
Missing character: There is no ì in font cmr10!
) [41] (./NS2015-18avril-Damien-corr2-DL23JUIN.aux)

LaTeX Warning: There were multiply-defined labels.

 ) 
Here is how much of TeX's memory you used:
 2776 strings out of 493304
 41194 string characters out of 6139871
 102647 words of memory out of 5000000
 6190 multiletter control sequences out of 15000+600000
 9331 words of font info for 33 fonts, out of 8000000 for 9000
 957 hyphenation exceptions out of 8191
 41i,11n,29p,2962b,298s stack positions out of 5000i,500n,10000p,200000b,80000s
</usr/share/texlive/texmf-dist/fonts/type1/public/amsfonts/cm/cmbx10.pfb></us
r/share/texlive/texmf-dist/fonts/type1/public/amsfonts/cm/cmbx12.pfb></usr/shar
e/texlive/texmf-dist/fonts/type1/public/amsfonts/cm/cmbx8.pfb></usr/share/texli
ve/texmf-dist/fonts/type1/public/amsfonts/cm/cmbxti10.pfb></usr/share/texlive/t
exmf-dist/fonts/type1/public/amsfonts/cm/cmex10.pfb></usr/share/texlive/texmf-d
ist/fonts/type1/public/amsfonts/cm/cmmi10.pfb></usr/share/texlive/texmf-dist/fo
nts/type1/public/amsfonts/cm/cmmi6.pfb></usr/share/texlive/texmf-dist/fonts/typ
e1/public/amsfonts/cm/cmmi8.pfb></usr/share/texlive/texmf-dist/fonts/type1/publ
ic/amsfonts/cm/cmr10.pfb></usr/share/texlive/texmf-dist/fonts/type1/public/amsf
onts/cm/cmr6.pfb></usr/share/texlive/texmf-dist/fonts/type1/public/amsfonts/cm/
cmr8.pfb></usr/share/texlive/texmf-dist/fonts/type1/public/amsfonts/cm/cmss8.pf
b></usr/share/texlive/texmf-dist/fonts/type1/public/amsfonts/cm/cmsy10.pfb></us
r/share/texlive/texmf-dist/fonts/type1/public/amsfonts/cm/cmsy6.pfb></usr/share
/texlive/texmf-dist/fonts/type1/public/amsfonts/cm/cmsy8.pfb></usr/share/texliv
e/texmf-dist/fonts/type1/public/amsfonts/cm/cmti10.pfb>
Output written on NS2015-18avril-Damien-corr2-DL23JUIN.pdf (41 pages, 3635950 b
ytes).
PDF statistics:
 306 PDF objects out of 1000 (max. 8388607)
 199 compressed objects within 2 object streams
 0 named destinations out of 1000 (max. 500000)
 56 words of extra memory for PDF output out of 10000 (max. 10000000)

