This is pdfTeX, Version 3.14159265-2.6-1.40.15 (TeX Live 2015/dev/Debian) (preloaded format=pdflatex 2016.7.14)  6 SEP 2016 19:17
entering extended mode
 restricted \write18 enabled.
 %&-line parsing enabled.
**GJInt2016.tex
(./GJInt2016.tex
LaTeX2e <2014/05/01>
Babel <3.9l> and hyphenation patterns for 6 languages loaded.
(./gji.cls
Document Class: gji 1995/11/30 v2.0 LaTeX2e document class
Document Class `GJI' V2.0, released 1998 Nov
\fntxvi=\skip41
\fntxvii=\skip42
\GJ@measure=\dimen102
\c@part=\count79
\c@section=\count80
\c@subsection=\count81
\c@subsubsection=\count82
\c@paragraph=\count83
\c@subparagraph=\count84
\@indentskip=\skip43
\smallindent=\skip44
\@footindent=\skip45
\@leftskip=\skip46
\c@dummy=\count85
\c@table=\count86
\c@figure=\count87
\mathindent=\dimen103
(./gji_extra.sty
\@temptokenb=\toks14
\pt@box=\box26
\pt@width=\dimen104
\pt@line=\count88
\pt@nlines=\count89
\pt@ncol=\count90
\bibhang=\skip47
\bibsep=\skip48
LaTeX Info: Redefining \cite on input line 388.
\c@NAT@ctr=\count91
\oldvsize=\dimen105
)) (./timet.sty
Package: timet 1997/01/23 6.0 Times PSNFSS2e package
)
\c@theorem=\count92

(/usr/share/texlive/texmf-dist/tex/latex/lineno/lineno.sty
Package: lineno 2005/11/02 line numbers on paragraphs v4.41
\linenopenalty=\count93
\output=\toks15
\linenoprevgraf=\count94
\linenumbersep=\dimen106
\linenumberwidth=\dimen107
\c@linenumber=\count95
\c@pagewiselinenumber=\count96
\c@LN@truepage=\count97
\c@internallinenumber=\count98
\c@internallinenumbers=\count99
\quotelinenumbersep=\dimen108
\bframerule=\dimen109
\bframesep=\dimen110
\bframebox=\box27
LaTeX Info: Redefining \\ on input line 3056.
)
(/usr/share/texlive/texmf-dist/tex/latex/graphics/graphicx.sty
Package: graphicx 2014/04/25 v1.0g Enhanced LaTeX Graphics (DPC,SPQR)

(/usr/share/texlive/texmf-dist/tex/latex/graphics/keyval.sty
Package: keyval 2014/05/08 v1.15 key=value parser (DPC)
\KV@toks@=\toks16
)
(/usr/share/texlive/texmf-dist/tex/latex/graphics/graphics.sty
Package: graphics 2009/02/05 v1.0o Standard LaTeX Graphics (DPC,SPQR)

(/usr/share/texlive/texmf-dist/tex/latex/graphics/trig.sty
Package: trig 1999/03/16 v1.09 sin cos tan (DPC)
)
(/usr/share/texlive/texmf-dist/tex/latex/latexconfig/graphics.cfg
File: graphics.cfg 2010/04/23 v1.9 graphics configuration of TeX Live
)
Package graphics Info: Driver file: pdftex.def on input line 91.

(/usr/share/texlive/texmf-dist/tex/latex/pdftex-def/pdftex.def
File: pdftex.def 2011/05/27 v0.06d Graphics/color for pdfTeX

(/usr/share/texlive/texmf-dist/tex/generic/oberdiek/infwarerr.sty
Package: infwarerr 2010/04/08 v1.3 Providing info/warning/error messages (HO)
)
(/usr/share/texlive/texmf-dist/tex/generic/oberdiek/ltxcmds.sty
Package: ltxcmds 2011/11/09 v1.22 LaTeX kernel commands for general use (HO)
)
\Gread@gobject=\count100
))
\Gin@req@height=\dimen111
\Gin@req@width=\dimen112
)
(./GJInt2016.aux

LaTeX Warning: Label `epoxy-resin' multiply defined.


LaTeX Warning: Label `epoxy-resin' multiply defined.

)
\openout1 = `GJInt2016.aux'.

LaTeX Font Info:    Checking defaults for OML/cmm/m/it on input line 36.
LaTeX Font Info:    ... okay on input line 36.
LaTeX Font Info:    Checking defaults for T1/cmr/m/n on input line 36.
LaTeX Font Info:    ... okay on input line 36.
LaTeX Font Info:    Checking defaults for OT1/cmr/m/n on input line 36.
LaTeX Font Info:    ... okay on input line 36.
LaTeX Font Info:    Checking defaults for OMS/cmsy/m/n on input line 36.
LaTeX Font Info:    ... okay on input line 36.
LaTeX Font Info:    Checking defaults for OMX/cmex/m/n on input line 36.
LaTeX Font Info:    ... okay on input line 36.
LaTeX Font Info:    Checking defaults for U/cmr/m/n on input line 36.
LaTeX Font Info:    ... okay on input line 36.
LaTeX Font Info:    Try loading font information for OT1+ptm on input line 36.
 (/usr/share/texlive/texmf-dist/tex/latex/psnfss/ot1ptm.fd
File: ot1ptm.fd 2001/06/04 font definitions for OT1/ptm.
)
(/usr/share/texlive/texmf-dist/tex/context/base/supp-pdf.mkii
[Loading MPS to PDF converter (version 2006.09.02).]
\scratchcounter=\count101
\scratchdimen=\dimen113
\scratchbox=\box28
\nofMPsegments=\count102
\nofMParguments=\count103
\everyMPshowfont=\toks17
\MPscratchCnt=\count104
\MPscratchDim=\dimen114
\MPnumerator=\count105
\makeMPintoPDFobject=\count106
\everyMPtoPDFconversion=\toks18
) (/usr/share/texlive/texmf-dist/tex/generic/oberdiek/pdftexcmds.sty
Package: pdftexcmds 2011/11/29 v0.20 Utility functions of pdfTeX for LuaTeX (HO
)

(/usr/share/texlive/texmf-dist/tex/generic/oberdiek/ifluatex.sty
Package: ifluatex 2010/03/01 v1.3 Provides the ifluatex switch (HO)
Package ifluatex Info: LuaTeX not detected.
)
(/usr/share/texlive/texmf-dist/tex/generic/oberdiek/ifpdf.sty
Package: ifpdf 2011/01/30 v2.3 Provides the ifpdf switch (HO)
Package ifpdf Info: pdfTeX in PDF mode is detected.
)
Package pdftexcmds Info: LuaTeX not detected.
Package pdftexcmds Info: \pdf@primitive is available.
Package pdftexcmds Info: \pdf@ifprimitive is available.
Package pdftexcmds Info: \pdfdraftmode found.
)
(/usr/share/texlive/texmf-dist/tex/latex/oberdiek/epstopdf-base.sty
Package: epstopdf-base 2010/02/09 v2.5 Base part for package epstopdf

(/usr/share/texlive/texmf-dist/tex/latex/oberdiek/grfext.sty
Package: grfext 2010/08/19 v1.1 Manage graphics extensions (HO)

(/usr/share/texlive/texmf-dist/tex/generic/oberdiek/kvdefinekeys.sty
Package: kvdefinekeys 2011/04/07 v1.3 Define keys (HO)
))
(/usr/share/texlive/texmf-dist/tex/latex/oberdiek/kvoptions.sty
Package: kvoptions 2011/06/30 v3.11 Key value format for package options (HO)

(/usr/share/texlive/texmf-dist/tex/generic/oberdiek/kvsetkeys.sty
Package: kvsetkeys 2012/04/25 v1.16 Key value parser (HO)

(/usr/share/texlive/texmf-dist/tex/generic/oberdiek/etexcmds.sty
Package: etexcmds 2011/02/16 v1.5 Avoid name clashes with e-TeX commands (HO)
Package etexcmds Info: Could not find \expanded.
(etexcmds)             That can mean that you are not using pdfTeX 1.50 or
(etexcmds)             that some package has redefined \expanded.
(etexcmds)             In the latter case, load this package earlier.
)))
Package grfext Info: Graphics extension search list:
(grfext)             [.png,.pdf,.jpg,.mps,.jpeg,.jbig2,.jb2,.PNG,.PDF,.JPG,.JPE
G,.JBIG2,.JB2,.eps]
(grfext)             \AppendGraphicsExtensions on input line 452.

(/usr/share/texlive/texmf-dist/tex/latex/latexconfig/epstopdf-sys.cfg
File: epstopdf-sys.cfg 2010/07/13 v1.3 Configuration of (r)epstopdf for TeX Liv
e
))
LaTeX Font Info:    Font shape `OT1/ptm/bx/n' in size <17.28> not available
(Font)              Font shape `OT1/ptm/b/n' tried instead on input line 40.
LaTeX Font Info:    External font `cmex10' loaded for size
(Font)              <14.4> on input line 40.
LaTeX Font Info:    External font `cmex10' loaded for size
(Font)              <7> on input line 40.

Overfull \hbox (18.44383pt too wide) in paragraph at lines 40--40
[][]  
 []

LaTeX Font Info:    External font `cmex10' loaded for size
(Font)              <5> on input line 40.

Overfull \hbox (1.47925pt too wide) in paragraph at lines 40--40
[][]  
 []

LaTeX Font Info:    Font shape `OT1/ptm/bx/n' in size <10.95> not available
(Font)              Font shape `OT1/ptm/b/n' tried instead on input line 42.

Underfull \vbox (badness 2478) has occurred while \output is active []

 [1{/var/lib/texmf/fonts/map/pdftex/updmap/pdftex.map}

]
LaTeX Font Info:    Font shape `OT1/ptm/bx/n' in size <12> not available
(Font)              Font shape `OT1/ptm/b/n' tried instead on input line 46.
 [2]
Underfull \vbox (badness 10000) has occurred while \output is active []

 [3]
Missing character: There is no ‚ in font ptmr7t!
Missing character: There is no Ä in font ptmr7t!
Missing character: There is no ô in font ptmr7t!

Underfull \vbox (badness 10000) has occurred while \output is active []

 [4]
Overfull \hbox (17.65309pt too wide) in paragraph at lines 78--79
\OT1/ptm/m/n/10.95 over, they pro-vide quan-ti-ta-tive in-for-ma-tion on data q
ual-ity for geo-physi-cists who need to use measurement-
 []

LaTeX Font Info:    External font `cmex10' loaded for size
(Font)              <10.95> on input line 89.
LaTeX Font Info:    External font `cmex10' loaded for size
(Font)              <8> on input line 89.
LaTeX Font Info:    External font `cmex10' loaded for size
(Font)              <6> on input line 89.
Missing character: There is no ‚ in font ptmr7t!
Missing character: There is no Ä in font ptmr7t!
Missing character: There is no ô in font ptmr7t!

Underfull \vbox (badness 1259) has occurred while \output is active []

 [5]
Missing character: There is no ‚ in font ptmr7t!
Missing character: There is no Ä in font ptmr7t!
Missing character: There is no ù in font ptmr7t!

[6]
Overfull \hbox (0.24207pt too wide) in paragraph at lines 120--121
\OT1/ptm/m/n/10.95 elas-tic wave prop-a-ga-tion mod-el-ing (Ko-matitsch et al. 
(1998); Ko-matitsch & Tromp (1999); Ko-matitsch
 []

[7] [8] [9]
Underfull \hbox (badness 10000) in paragraph at lines 210--211

 []

[10] [11]
Underfull \vbox (badness 10000) has occurred while \output is active []

 [12]
[13]
Underfull \vbox (badness 10000) has occurred while \output is active []

 [14]
Underfull \vbox (badness 10000) has occurred while \output is active []

 [15]
[16] (./GJInt2016.bbl
LaTeX Font Info:    Font shape `OT1/ptm/bx/n' in size <10> not available
(Font)              Font shape `OT1/ptm/b/n' tried instead on input line 12.

Underfull \vbox (badness 10000) has occurred while \output is active []

 [17

]
Underfull \vbox (badness 10000) has occurred while \output is active []

 [18]
Missing character: There is no ‚ in font ptmr7t!
Missing character: There is no Ä in font ptmr7t!
Missing character: There is no ì in font ptmr7t!
)
[19] [20] [21] [22]
Package epstopdf Info: Source file: <Fig/Fig01.eps>
(epstopdf)                    date: 2016-09-06 16:50:35
(epstopdf)                    size: 2700190 bytes
(epstopdf)             Output file: <Fig/Fig01-eps-converted-to.pdf>
(epstopdf)                    date: 2016-09-06 19:04:25
(epstopdf)                    size: 454144 bytes
(epstopdf)             Command: <repstopdf --outfile=Fig/Fig01-eps-converted-to
.pdf Fig/Fig01.eps>
(epstopdf)             \includegraphics on input line 343.
Package epstopdf Info: Output file is already uptodate.

<Fig/Fig01-eps-converted-to.pdf, id=89, 578.16pt x 477.785pt>
File: Fig/Fig01-eps-converted-to.pdf Graphic file (type pdf)

<use Fig/Fig01-eps-converted-to.pdf>
Package pdftex.def Info: Fig/Fig01-eps-converted-to.pdf used on input line 343.

(pdftex.def)             Requested size: 221.93149pt x 183.39735pt.
 [23 <./Fig/Fig01-eps-converted-to.pdf>]
Package epstopdf Info: Source file: <Fig/Fig02.eps>
(epstopdf)                    date: 2016-09-06 16:50:36
(epstopdf)                    size: 54870443 bytes
(epstopdf)             Output file: <Fig/Fig02-eps-converted-to.pdf>
(epstopdf)                    date: 2016-09-06 19:04:40
(epstopdf)                    size: 1445823 bytes
(epstopdf)             Command: <repstopdf --outfile=Fig/Fig02-eps-converted-to
.pdf Fig/Fig02.eps>
(epstopdf)             \includegraphics on input line 354.
Package epstopdf Info: Output file is already uptodate.

<Fig/Fig02-eps-converted-to.pdf, id=96, 952.55875pt x 413.545pt>
File: Fig/Fig02-eps-converted-to.pdf Graphic file (type pdf)

<use Fig/Fig02-eps-converted-to.pdf>
Package pdftex.def Info: Fig/Fig02-eps-converted-to.pdf used on input line 354.

(pdftex.def)             Requested size: 443.86299pt x 192.70027pt.
 [24 <./Fig/Fig02-eps-converted-to.pdf>]
Package epstopdf Info: Source file: <Fig/Fig03.eps>
(epstopdf)                    date: 2016-09-06 16:50:36
(epstopdf)                    size: 21500 bytes
(epstopdf)             Output file: <Fig/Fig03-eps-converted-to.pdf>
(epstopdf)                    date: 2016-09-06 19:04:41
(epstopdf)                    size: 9619 bytes
(epstopdf)             Command: <repstopdf --outfile=Fig/Fig03-eps-converted-to
.pdf Fig/Fig03.eps>
(epstopdf)             \includegraphics on input line 365.
Package epstopdf Info: Output file is already uptodate.

<Fig/Fig03-eps-converted-to.pdf, id=106, 480.79625pt x 335.2525pt>
File: Fig/Fig03-eps-converted-to.pdf Graphic file (type pdf)

<use Fig/Fig03-eps-converted-to.pdf>
Package pdftex.def Info: Fig/Fig03-eps-converted-to.pdf used on input line 365.

(pdftex.def)             Requested size: 221.93149pt x 154.75003pt.
 [25 <./Fig/Fig03-eps-converted-to.pdf>]
Package epstopdf Info: Source file: <Fig/Fig04.eps>
(epstopdf)                    date: 2016-09-06 16:50:36
(epstopdf)                    size: 72158 bytes
(epstopdf)             Output file: <Fig/Fig04-eps-converted-to.pdf>
(epstopdf)                    date: 2016-09-06 19:04:41
(epstopdf)                    size: 9350 bytes
(epstopdf)             Command: <repstopdf --outfile=Fig/Fig04-eps-converted-to
.pdf Fig/Fig04.eps>
(epstopdf)             \includegraphics on input line 375.
Package epstopdf Info: Output file is already uptodate.

<Fig/Fig04-eps-converted-to.pdf, id=120, 361.35pt x 135.50626pt>
File: Fig/Fig04-eps-converted-to.pdf Graphic file (type pdf)

<use Fig/Fig04-eps-converted-to.pdf>
Package pdftex.def Info: Fig/Fig04-eps-converted-to.pdf used on input line 375.

(pdftex.def)             Requested size: 221.93149pt x 83.22522pt.
 [26 <./Fig/Fig04-eps-converted-to.pdf>]
Package epstopdf Info: Source file: <Fig/Fig05.eps>
(epstopdf)                    date: 2016-09-06 16:50:36
(epstopdf)                    size: 37160 bytes
(epstopdf)             Output file: <Fig/Fig05-eps-converted-to.pdf>
(epstopdf)                    date: 2016-09-06 19:04:41
(epstopdf)                    size: 12762 bytes
(epstopdf)             Command: <repstopdf --outfile=Fig/Fig05-eps-converted-to
.pdf Fig/Fig05.eps>
(epstopdf)             \includegraphics on input line 386.
Package epstopdf Info: Output file is already uptodate.

<Fig/Fig05-eps-converted-to.pdf, id=126, 493.845pt x 459.7175pt>
File: Fig/Fig05-eps-converted-to.pdf Graphic file (type pdf)

<use Fig/Fig05-eps-converted-to.pdf>
Package pdftex.def Info: Fig/Fig05-eps-converted-to.pdf used on input line 386.

(pdftex.def)             Requested size: 221.93149pt x 206.59036pt.
 [27 <./Fig/Fig05-eps-converted-to.pdf>]
Package epstopdf Info: Source file: <Fig/Fig06.eps>
(epstopdf)                    date: 2016-09-06 16:50:36
(epstopdf)                    size: 4795614 bytes
(epstopdf)             Output file: <Fig/Fig06-eps-converted-to.pdf>
(epstopdf)                    date: 2016-09-06 19:04:44
(epstopdf)                    size: 1224745 bytes
(epstopdf)             Command: <repstopdf --outfile=Fig/Fig06-eps-converted-to
.pdf Fig/Fig06.eps>
(epstopdf)             \includegraphics on input line 396.
Package epstopdf Info: Output file is already uptodate.

<Fig/Fig06-eps-converted-to.pdf, id=140, 702.625pt x 898.35625pt>
File: Fig/Fig06-eps-converted-to.pdf Graphic file (type pdf)

<use Fig/Fig06-eps-converted-to.pdf>
Package pdftex.def Info: Fig/Fig06-eps-converted-to.pdf used on input line 396.

(pdftex.def)             Requested size: 443.86299pt x 567.53012pt.
 [28 <./Fig/Fig06-eps-converted-to.pdf>]
Package epstopdf Info: Source file: <Fig/Fig07.eps>
(epstopdf)                    date: 2016-09-06 16:50:36
(epstopdf)                    size: 522706 bytes
(epstopdf)             Output file: <Fig/Fig07-eps-converted-to.pdf>
(epstopdf)                    date: 2016-09-06 19:04:44
(epstopdf)                    size: 155680 bytes
(epstopdf)             Command: <repstopdf --outfile=Fig/Fig07-eps-converted-to
.pdf Fig/Fig07.eps>
(epstopdf)             \includegraphics on input line 406.
Package epstopdf Info: Output file is already uptodate.

<Fig/Fig07-eps-converted-to.pdf, id=159, 907.39pt x 848.16875pt>
File: Fig/Fig07-eps-converted-to.pdf Graphic file (type pdf)

<use Fig/Fig07-eps-converted-to.pdf>
Package pdftex.def Info: Fig/Fig07-eps-converted-to.pdf used on input line 406.

(pdftex.def)             Requested size: 443.86299pt x 414.89452pt.
 [29 <./Fig/Fig07-eps-converted-to.pdf>]
Package epstopdf Info: Source file: <Fig/Fig08.eps>
(epstopdf)                    date: 2016-09-06 16:50:36
(epstopdf)                    size: 42759 bytes
(epstopdf)             Output file: <Fig/Fig08-eps-converted-to.pdf>
(epstopdf)                    date: 2016-09-06 19:04:45
(epstopdf)                    size: 12374 bytes
(epstopdf)             Command: <repstopdf --outfile=Fig/Fig08-eps-converted-to
.pdf Fig/Fig08.eps>
(epstopdf)             \includegraphics on input line 417.
Package epstopdf Info: Output file is already uptodate.

<Fig/Fig08-eps-converted-to.pdf, id=172, 433.62pt x 471.7625pt>
File: Fig/Fig08-eps-converted-to.pdf Graphic file (type pdf)

<use Fig/Fig08-eps-converted-to.pdf>
Package pdftex.def Info: Fig/Fig08-eps-converted-to.pdf used on input line 417.

(pdftex.def)             Requested size: 221.93149pt x 241.4523pt.
 [30 <./Fig/Fig08-eps-converted-to.pdf>]
Package epstopdf Info: Source file: <Fig/Fig09.eps>
(epstopdf)                    date: 2016-09-06 16:50:36
(epstopdf)                    size: 397513 bytes
(epstopdf)             Output file: <Fig/Fig09-eps-converted-to.pdf>
(epstopdf)                    date: 2016-09-06 19:04:45
(epstopdf)                    size: 110423 bytes
(epstopdf)             Command: <repstopdf --outfile=Fig/Fig09-eps-converted-to
.pdf Fig/Fig09.eps>
(epstopdf)             \includegraphics on input line 427.
Package epstopdf Info: Output file is already uptodate.

<Fig/Fig09-eps-converted-to.pdf, id=186, 441.65pt x 413.545pt>
File: Fig/Fig09-eps-converted-to.pdf Graphic file (type pdf)

<use Fig/Fig09-eps-converted-to.pdf>
Package pdftex.def Info: Fig/Fig09-eps-converted-to.pdf used on input line 427.

(pdftex.def)             Requested size: 221.93149pt x 207.80685pt.
 [31 <./Fig/Fig09-eps-converted-to.pdf>]
Package epstopdf Info: Source file: <Fig/Fig10.eps>
(epstopdf)                    date: 2016-09-06 16:50:36
(epstopdf)                    size: 463336 bytes
(epstopdf)             Output file: <Fig/Fig10-eps-converted-to.pdf>
(epstopdf)                    date: 2016-09-06 19:04:46
(epstopdf)                    size: 126544 bytes
(epstopdf)             Command: <repstopdf --outfile=Fig/Fig10-eps-converted-to
.pdf Fig/Fig10.eps>
(epstopdf)             \includegraphics on input line 437.
Package epstopdf Info: Output file is already uptodate.

<Fig/Fig10-eps-converted-to.pdf, id=205, 443.6575pt x 630.355pt>
File: Fig/Fig10-eps-converted-to.pdf Graphic file (type pdf)

<use Fig/Fig10-eps-converted-to.pdf>
Package pdftex.def Info: Fig/Fig10-eps-converted-to.pdf used on input line 437.

(pdftex.def)             Requested size: 221.93149pt x 315.321pt.
 [32 <./Fig/Fig10-eps-converted-to.pdf>]
Package epstopdf Info: Source file: <Fig/Fig11.eps>
(epstopdf)                    date: 2016-09-06 16:50:36
(epstopdf)                    size: 638163 bytes
(epstopdf)             Output file: <Fig/Fig11-eps-converted-to.pdf>
(epstopdf)                    date: 2016-09-06 19:04:47
(epstopdf)                    size: 180980 bytes
(epstopdf)             Command: <repstopdf --outfile=Fig/Fig11-eps-converted-to
.pdf Fig/Fig11.eps>
(epstopdf)             \includegraphics on input line 448.
Package epstopdf Info: Output file is already uptodate.

<Fig/Fig11-eps-converted-to.pdf, id=222, 454.69875pt x 633.36626pt>
File: Fig/Fig11-eps-converted-to.pdf Graphic file (type pdf)

<use Fig/Fig11-eps-converted-to.pdf>
Package pdftex.def Info: Fig/Fig11-eps-converted-to.pdf used on input line 448.

(pdftex.def)             Requested size: 221.93149pt x 309.13448pt.
 [33 <./Fig/Fig11-eps-converted-to.pdf>]
(./GJInt2016.aux)

LaTeX Warning: There were multiply-defined labels.

 ) 
Here is how much of TeX's memory you used:
 2247 strings out of 494950
 31201 string characters out of 6179040
 94182 words of memory out of 5000000
 5442 multiletter control sequences out of 15000+600000
 30050 words of font info for 60 fonts, out of 8000000 for 9000
 36 hyphenation exceptions out of 8191
 37i,10n,24p,2885b,351s stack positions out of 5000i,500n,10000p,200000b,80000s
{/usr/share/texlive/texmf-dist/fonts/enc/dvips/base/8r.enc}</usr/share/texliv
e/texmf-dist/fonts/type1/public/amsfonts/cm/cmbx8.pfb></usr/share/texlive/texmf
-dist/fonts/type1/public/amsfonts/cm/cmex10.pfb></usr/share/texlive/texmf-dist/
fonts/type1/public/amsfonts/cm/cmmi10.pfb></usr/share/texlive/texmf-dist/fonts/
type1/public/amsfonts/cm/cmmi6.pfb></usr/share/texlive/texmf-dist/fonts/type1/p
ublic/amsfonts/cm/cmmi8.pfb></usr/share/texlive/texmf-dist/fonts/type1/public/a
msfonts/cm/cmmib10.pfb></usr/share/texlive/texmf-dist/fonts/type1/public/amsfon
ts/cmextra/cmmib8.pfb></usr/share/texlive/texmf-dist/fonts/type1/public/amsfont
s/cm/cmr10.pfb></usr/share/texlive/texmf-dist/fonts/type1/public/amsfonts/cm/cm
r6.pfb></usr/share/texlive/texmf-dist/fonts/type1/public/amsfonts/cm/cmr7.pfb><
/usr/share/texlive/texmf-dist/fonts/type1/public/amsfonts/cm/cmr8.pfb></usr/sha
re/texlive/texmf-dist/fonts/type1/public/amsfonts/cm/cmsy10.pfb></usr/share/tex
live/texmf-dist/fonts/type1/public/amsfonts/cm/cmsy6.pfb></usr/share/texlive/te
xmf-dist/fonts/type1/public/amsfonts/cm/cmsy8.pfb></usr/share/texlive/texmf-dis
t/fonts/type1/urw/times/utmb8a.pfb></usr/share/texlive/texmf-dist/fonts/type1/u
rw/times/utmr8a.pfb></usr/share/texlive/texmf-dist/fonts/type1/urw/times/utmri8
a.pfb>
Output written on GJInt2016.pdf (33 pages, 3952177 bytes).
PDF statistics:
 291 PDF objects out of 1000 (max. 8388607)
 188 compressed objects within 2 object streams
 0 named destinations out of 1000 (max. 500000)
 56 words of extra memory for PDF output out of 10000 (max. 10000000)

